#
# There is insufficient memory for the Java Runtime Environment to continue.
# Native memory allocation (mmap) failed to map 19922944 bytes for G1 virtual space
# Possible reasons:
#   The system is out of physical RAM or swap space
#   The process is running with CompressedOops enabled, and the Java Heap may be blocking the growth of the native heap
# Possible solutions:
#   Reduce memory load on the system
#   Increase physical memory or swap space
#   Check if swap backing store is full
#   Decrease Java heap size (-Xmx/-Xms)
#   Decrease number of Java threads
#   Decrease Java thread stack sizes (-Xss)
#   Set larger code cache with -XX:ReservedCodeCacheSize=
#   JVM is running with Unscaled Compressed Oops mode in which the Java heap is
#     placed in the first 4GB address space. The Java Heap base address is the
#     maximum limit for the native heap growth. Please use -XX:HeapBaseMinAddress
#     to set the Java Heap base and to place the Java Heap above 4GB virtual address.
# This output file may be truncated or incomplete.
#
#  Out of Memory Error (os_windows.cpp:3530), pid=1040, tid=4848
#
# JRE version: OpenJDK Runtime Environment (18.0.2+9) (build 18.0.2+9-61)
# Java VM: OpenJDK 64-Bit Server VM (18.0.2+9-61, mixed mode, emulated-client, sharing, tiered, compressed oops, compressed class ptrs, g1 gc, windows-amd64)
# No core dump will be written. Minidumps are not enabled by default on client versions of Windows
#

---------------  S U M M A R Y ------------

Command Line: -XX:TieredStopAtLevel=1 -Dspring.output.ansi.enabled=always -Dcom.sun.management.jmxremote -Dspring.jmx.enabled=true -Dspring.liveBeansView.mbeanDomain -Dspring.application.admin.enabled=true -javaagent:C:\Program Files\JetBrains\IntelliJ IDEA 2022.2\lib\idea_rt.jar=63956:C:\Program Files\JetBrains\IntelliJ IDEA 2022.2\bin -Dfile.encoding=UTF-8 pl.watiaty.testeng.TestengApplication

Host: Intel(R) Core(TM) i5-8265U CPU @ 1.60GHz, 8 cores, 7G,  Windows 10 , 64 bit Build 17763 (10.0.17763.475)
Time: Mon Oct  3 20:28:13 2022 Финляндия (лето) elapsed time: 6.717049 seconds (0d 0h 0m 6s)

---------------  T H R E A D  ---------------

Current thread (0x000001fa22e22360):  VMThread "VM Thread" [stack: 0x0000002656600000,0x0000002656700000] [id=4848]

Stack: [0x0000002656600000,0x0000002656700000]
Native frames: (J=compiled Java code, j=interpreted, Vv=VM code, C=native code)
V  [jvm.dll+0x6993ca]
V  [jvm.dll+0x7f481d]
V  [jvm.dll+0x7f612e]
V  [jvm.dll+0x7f67e3]
V  [jvm.dll+0x25cdaf]
V  [jvm.dll+0x696319]
V  [jvm.dll+0x68ae4a]
V  [jvm.dll+0x3223eb]
V  [jvm.dll+0x329dc6]
V  [jvm.dll+0x37eade]
V  [jvm.dll+0x37ed0f]
V  [jvm.dll+0x2fa16a]
V  [jvm.dll+0x2fa217]
V  [jvm.dll+0x33e752]
V  [jvm.dll+0x33ccf4]
V  [jvm.dll+0x2f9940]
V  [jvm.dll+0x33c2cb]
V  [jvm.dll+0x7fb5cb]
V  [jvm.dll+0x7fc364]
V  [jvm.dll+0x7fc89c]
V  [jvm.dll+0x7fccf4]
V  [jvm.dll+0x7fcdb7]
V  [jvm.dll+0x7a125a]
V  [jvm.dll+0x698275]
C  [ucrtbase.dll+0x21ffa]
C  [KERNEL32.DLL+0x17974]
C  [ntdll.dll+0x6a271]

VM_Operation (0x00000026560fd9b0): G1CollectForAllocation, mode: safepoint, requested by thread 0x000001fa22da96c0


---------------  P R O C E S S  ---------------

Threads class SMR info:
_java_thread_list=0x000001fa44064070, length=24, elements={
0x000001fa22da96c0, 0x000001fa36d1ee60, 0x000001fa36d20590, 0x000001fa36d377b0,
0x000001fa36d38320, 0x000001fa36d3a7a0, 0x000001fa36d3bd50, 0x000001fa36d40800,
0x000001fa36d62b00, 0x000001fa36dbe2b0, 0x000001fa3b089d90, 0x000001fa3b3fc7c0,
0x000001fa3b3fcc80, 0x000001fa3b64bd60, 0x000001fa3b08a2a0, 0x000001fa3b08a7b0,
0x000001fa3bb6c920, 0x000001fa3bbaa8e0, 0x000001fa441c4500, 0x000001fa44083af0,
0x000001fa44083fb0, 0x000001fa44269840, 0x000001fa44269d10, 0x000001fa44268500
}

Java Threads: ( => current thread )
  0x000001fa22da96c0 JavaThread "main" [_thread_blocked, id=15256, stack(0x0000002656000000,0x0000002656100000)]
  0x000001fa36d1ee60 JavaThread "Reference Handler" daemon [_thread_blocked, id=12780, stack(0x0000002656700000,0x0000002656800000)]
  0x000001fa36d20590 JavaThread "Finalizer" daemon [_thread_blocked, id=9564, stack(0x0000002656800000,0x0000002656900000)]
  0x000001fa36d377b0 JavaThread "Signal Dispatcher" daemon [_thread_blocked, id=14088, stack(0x0000002656900000,0x0000002656a00000)]
  0x000001fa36d38320 JavaThread "Attach Listener" daemon [_thread_blocked, id=8468, stack(0x0000002656a00000,0x0000002656b00000)]
  0x000001fa36d3a7a0 JavaThread "Service Thread" daemon [_thread_blocked, id=8900, stack(0x0000002656b00000,0x0000002656c00000)]
  0x000001fa36d3bd50 JavaThread "Monitor Deflation Thread" daemon [_thread_blocked, id=14152, stack(0x0000002656c00000,0x0000002656d00000)]
  0x000001fa36d40800 JavaThread "C1 CompilerThread0" daemon [_thread_blocked, id=12968, stack(0x0000002656d00000,0x0000002656e00000)]
  0x000001fa36d62b00 JavaThread "Sweeper thread" daemon [_thread_blocked, id=11024, stack(0x0000002656e00000,0x0000002656f00000)]
  0x000001fa36dbe2b0 JavaThread "Common-Cleaner" daemon [_thread_blocked, id=11276, stack(0x0000002656f00000,0x0000002657000000)]
  0x000001fa3b089d90 JavaThread "C1 CompilerThread1" daemon [_thread_blocked, id=8696, stack(0x0000002657000000,0x0000002657100000)]
  0x000001fa3b3fc7c0 JavaThread "Monitor Ctrl-Break" daemon [_thread_in_native, id=7972, stack(0x0000002657100000,0x0000002657200000)]
  0x000001fa3b3fcc80 JavaThread "Notification Thread" daemon [_thread_blocked, id=14060, stack(0x0000002657200000,0x0000002657300000)]
  0x000001fa3b64bd60 JavaThread "RMI TCP Accept-0" daemon [_thread_in_native, id=3944, stack(0x0000002657300000,0x0000002657400000)]
  0x000001fa3b08a2a0 JavaThread "C1 CompilerThread2" daemon [_thread_blocked, id=488, stack(0x0000002657500000,0x0000002657600000)]
  0x000001fa3b08a7b0 JavaThread "C1 CompilerThread3" daemon [_thread_blocked, id=1240, stack(0x0000002657600000,0x0000002657700000)]
  0x000001fa3bb6c920 JavaThread "RMI TCP Connection(1)-192.168.43.147" daemon [_thread_in_native, id=6336, stack(0x0000002658000000,0x0000002658100000)]
  0x000001fa3bbaa8e0 JavaThread "RMI Scheduler(0)" daemon [_thread_blocked, id=13112, stack(0x0000002658100000,0x0000002658200000)]
  0x000001fa441c4500 JavaThread "Catalina-utility-1" [_thread_blocked, id=4996, stack(0x0000002658300000,0x0000002658400000)]
  0x000001fa44083af0 JavaThread "Catalina-utility-2" [_thread_blocked, id=13436, stack(0x0000002658400000,0x0000002658500000)]
  0x000001fa44083fb0 JavaThread "container-0" [_thread_blocked, id=7676, stack(0x0000002658500000,0x0000002658600000)]
  0x000001fa44269840 JavaThread "mysql-cj-abandoned-connection-cleanup" daemon [_thread_blocked, id=7812, stack(0x0000002658600000,0x0000002658700000)]
  0x000001fa44269d10 JavaThread "HikariPool-1 housekeeper" daemon [_thread_blocked, id=15232, stack(0x0000002658800000,0x0000002658900000)]
  0x000001fa44268500 JavaThread "HikariPool-1 connection adder" daemon [_thread_blocked, id=4304, stack(0x0000002658900000,0x0000002658a00000)]

Other Threads:
=>0x000001fa22e22360 VMThread "VM Thread" [stack: 0x0000002656600000,0x0000002656700000] [id=4848]
  0x000001fa3b64e440 WatcherThread "VM Periodic Task Thread" [stack: 0x0000002657400000,0x0000002657500000] [id=11916]
  0x000001fa22e065a0 WorkerThread "GC Thread#0" [stack: 0x0000002656100000,0x0000002656200000] [id=13556]
  0x000001fa3babf410 WorkerThread "GC Thread#1" [stack: 0x0000002657700000,0x0000002657800000] [id=13792]
  0x000001fa3bac1700 WorkerThread "GC Thread#2" [stack: 0x0000002657800000,0x0000002657900000] [id=3792]
  0x000001fa3bb171a0 WorkerThread "GC Thread#3" [stack: 0x0000002657900000,0x0000002657a00000] [id=9836]
  0x000001fa3bb17850 WorkerThread "GC Thread#4" [stack: 0x0000002657a00000,0x0000002657b00000] [id=7572]
  0x000001fa3bb19b00 WorkerThread "GC Thread#5" [stack: 0x0000002657b00000,0x0000002657c00000] [id=7612]
  0x000001fa3bb1a630 WorkerThread "GC Thread#6" [stack: 0x0000002657c00000,0x0000002657d00000] [id=13576]
  0x000001fa3bb1b0e0 WorkerThread "GC Thread#7" [stack: 0x0000002657d00000,0x0000002657e00000] [id=8676]
  0x000001fa22e17f70 ConcurrentGCThread "G1 Main Marker" [stack: 0x0000002656200000,0x0000002656300000] [id=12204]
  0x000001fa22e19330 WorkerThread "G1 Conc#0" [stack: 0x0000002656300000,0x0000002656400000] [id=14288]
  0x000001fa43e95f80 WorkerThread "G1 Conc#1" [stack: 0x0000002658200000,0x0000002658300000] [id=840]
  0x000001fa36bd8540 ConcurrentGCThread "G1 Refine#0" [stack: 0x0000002656400000,0x0000002656500000] [id=8244]
  0x000001fa3bace970 ConcurrentGCThread "G1 Refine#1" [stack: 0x0000002657e00000,0x0000002657f00000] [id=12060]
  0x000001fa3bacec40 ConcurrentGCThread "G1 Refine#2" [stack: 0x0000002657f00000,0x0000002658000000] [id=14300]
  0x000001fa36bd8d60 ConcurrentGCThread "G1 Service" [stack: 0x0000002656500000,0x0000002656600000] [id=15180]

Threads with active compile tasks:

VM state: at safepoint (normal execution)

VM Mutex/Monitor currently owned by a thread:  ([mutex/lock_event])
[0x000001fa22da6b00] Threads_lock - owner thread: 0x000001fa22e22360
[0x000001fa22da5d80] Heap_lock - owner thread: 0x000001fa22da96c0

Heap address: 0x0000000081c00000, size: 2020 MB, Compressed Oops mode: 32-bit

CDS archive(s) mapped at: [0x0000000800000000-0x0000000800ba0000-0x0000000800ba0000), size 12189696, SharedBaseAddress: 0x0000000800000000, ArchiveRelocationMode: 0.
Compressed class space mapped at: 0x0000000800c00000-0x0000000840c00000, reserved size: 1073741824
Narrow klass base: 0x0000000800000000, Narrow klass shift: 0, Narrow klass range: 0x100000000

GC Precious Log:
 CardTable entry size: 512
 Card Set container configuration: InlinePtr #cards 5 size 8 Array Of Cards #cards 12 size 40 Howl #buckets 4 coarsen threshold 1843 Howl Bitmap #cards 512 size 80 coarsen threshold 460 Card regions per heap region 1 cards per card region 2048
 CPUs: 8 total, 8 available
 Memory: 8078M
 Large Page Support: Disabled
 NUMA Support: Disabled
 Compressed Oops: Enabled (32-bit)
 Heap Region Size: 1M
 Heap Min Capacity: 8M
 Heap Initial Capacity: 128M
 Heap Max Capacity: 2020M
 Pre-touch: Disabled
 Parallel Workers: 8
 Concurrent Workers: 2
 Concurrent Refinement Workers: 8
 Periodic GC: Disabled

Heap:
 garbage-first heap   total 111616K, used 23889K [0x0000000081c00000, 0x0000000100000000)
  region size 1024K, 2 young (2048K), 2 survivors (2048K)
 Metaspace       used 48622K, committed 49088K, reserved 1114112K
  class space    used 6737K, committed 6976K, reserved 1048576K

Heap Regions: E=young(eden), S=young(survivor), O=old, HS=humongous(starts), HC=humongous(continues), CS=collection set, F=free, OA=open archive, CA=closed archive, TAMS=top-at-mark-start (previous, next)
|   0|0x0000000081c00000, 0x0000000081d00000, 0x0000000081d00000|100%|HS|  |TAMS 0x0000000081d00000, 0x0000000081c00000| Complete 
|   1|0x0000000081d00000, 0x0000000081e00000, 0x0000000081e00000|100%| O|  |TAMS 0x0000000081e00000, 0x0000000081d00000| Untracked 
|   2|0x0000000081e00000, 0x0000000081f00000, 0x0000000081f00000|100%| O|  |TAMS 0x0000000081f00000, 0x0000000081e00000| Untracked 
|   3|0x0000000081f00000, 0x0000000082000000, 0x0000000082000000|100%| O|  |TAMS 0x0000000082000000, 0x0000000081f00000| Untracked 
|   4|0x0000000082000000, 0x0000000082100000, 0x0000000082100000|100%| O|  |TAMS 0x0000000082100000, 0x0000000082000000| Untracked 
|   5|0x0000000082100000, 0x0000000082200000, 0x0000000082200000|100%| O|  |TAMS 0x0000000082200000, 0x0000000082100000| Untracked 
|   6|0x0000000082200000, 0x0000000082300000, 0x0000000082300000|100%| O|  |TAMS 0x0000000082300000, 0x0000000082200000| Untracked 
|   7|0x0000000082300000, 0x0000000082400000, 0x0000000082400000|100%| O|  |TAMS 0x0000000082400000, 0x0000000082300000| Untracked 
|   8|0x0000000082400000, 0x0000000082500000, 0x0000000082500000|100%| O|  |TAMS 0x0000000082500000, 0x0000000082400000| Untracked 
|   9|0x0000000082500000, 0x0000000082600000, 0x0000000082600000|100%| O|  |TAMS 0x0000000082600000, 0x0000000082500000| Untracked 
|  10|0x0000000082600000, 0x0000000082700000, 0x0000000082700000|100%| O|  |TAMS 0x0000000082700000, 0x0000000082600000| Untracked 
|  11|0x0000000082700000, 0x0000000082800000, 0x0000000082800000|100%| O|  |TAMS 0x0000000082800000, 0x0000000082700000| Untracked 
|  12|0x0000000082800000, 0x0000000082900000, 0x0000000082900000|100%| O|  |TAMS 0x0000000082900000, 0x0000000082800000| Untracked 
|  13|0x0000000082900000, 0x0000000082a00000, 0x0000000082a00000|100%| O|  |TAMS 0x0000000082a00000, 0x0000000082900000| Untracked 
|  14|0x0000000082a00000, 0x0000000082b00000, 0x0000000082b00000|100%| O|  |TAMS 0x0000000082b00000, 0x0000000082a00000| Untracked 
|  15|0x0000000082b00000, 0x0000000082c00000, 0x0000000082c00000|100%| O|  |TAMS 0x0000000082c00000, 0x0000000082b00000| Untracked 
|  16|0x0000000082c00000, 0x0000000082d00000, 0x0000000082d00000|100%| O|  |TAMS 0x0000000082cdda00, 0x0000000082c00000| Untracked 
|  17|0x0000000082d00000, 0x0000000082e00000, 0x0000000082e00000|100%| O|  |TAMS 0x0000000082d00000, 0x0000000082d00000| Untracked 
|  18|0x0000000082e00000, 0x0000000082f00000, 0x0000000082f00000|100%| O|  |TAMS 0x0000000082e00000, 0x0000000082e00000| Untracked 
|  19|0x0000000082f00000, 0x0000000083000000, 0x0000000083000000|100%| O|  |TAMS 0x0000000082f00000, 0x0000000082f00000| Untracked 
|  20|0x0000000083000000, 0x0000000083000000, 0x0000000083100000|  0%| F|  |TAMS 0x0000000083000000, 0x0000000083000000| Untracked 
|  21|0x0000000083100000, 0x0000000083200000, 0x0000000083200000|100%| O|  |TAMS 0x0000000083100000, 0x0000000083100000| Untracked 
|  22|0x0000000083200000, 0x0000000083300000, 0x0000000083300000|100%| O|  |TAMS 0x0000000083200000, 0x0000000083200000| Untracked 
|  23|0x0000000083300000, 0x0000000083320400, 0x0000000083400000| 12%| O|  |TAMS 0x0000000083300000, 0x0000000083300000| Untracked 
|  24|0x0000000083400000, 0x0000000083400000, 0x0000000083500000|  0%| F|  |TAMS 0x0000000083400000, 0x0000000083400000| Untracked 
|  25|0x0000000083500000, 0x0000000083500000, 0x0000000083600000|  0%| F|  |TAMS 0x0000000083500000, 0x0000000083500000| Untracked 
|  26|0x0000000083600000, 0x0000000083600000, 0x0000000083700000|  0%| F|  |TAMS 0x0000000083600000, 0x0000000083600000| Untracked 
|  27|0x0000000083700000, 0x0000000083700000, 0x0000000083800000|  0%| F|  |TAMS 0x0000000083700000, 0x0000000083700000| Untracked 
|  28|0x0000000083800000, 0x0000000083800000, 0x0000000083900000|  0%| F|  |TAMS 0x0000000083800000, 0x0000000083800000| Untracked 
|  29|0x0000000083900000, 0x0000000083900000, 0x0000000083a00000|  0%| F|  |TAMS 0x0000000083900000, 0x0000000083900000| Untracked 
|  30|0x0000000083a00000, 0x0000000083a00000, 0x0000000083b00000|  0%| F|  |TAMS 0x0000000083a00000, 0x0000000083a00000| Untracked 
|  31|0x0000000083b00000, 0x0000000083b00000, 0x0000000083c00000|  0%| F|  |TAMS 0x0000000083b00000, 0x0000000083b00000| Untracked 
|  32|0x0000000083c00000, 0x0000000083c00000, 0x0000000083d00000|  0%| F|  |TAMS 0x0000000083c00000, 0x0000000083c00000| Untracked 
|  33|0x0000000083d00000, 0x0000000083d00000, 0x0000000083e00000|  0%| F|  |TAMS 0x0000000083d00000, 0x0000000083d00000| Untracked 
|  34|0x0000000083e00000, 0x0000000083e34040, 0x0000000083f00000| 20%| S|CS|TAMS 0x0000000083e00000, 0x0000000083e00000| Complete 
|  35|0x0000000083f00000, 0x0000000084000000, 0x0000000084000000|100%| S|CS|TAMS 0x0000000083f00000, 0x0000000083f00000| Complete 
|  36|0x0000000084000000, 0x0000000084000000, 0x0000000084100000|  0%| F|  |TAMS 0x0000000084000000, 0x0000000084000000| Untracked 
|  37|0x0000000084100000, 0x0000000084100000, 0x0000000084200000|  0%| F|  |TAMS 0x0000000084100000, 0x0000000084100000| Untracked 
|  38|0x0000000084200000, 0x0000000084200000, 0x0000000084300000|  0%| F|  |TAMS 0x0000000084200000, 0x0000000084200000| Untracked 
|  39|0x0000000084300000, 0x0000000084300000, 0x0000000084400000|  0%| F|  |TAMS 0x0000000084300000, 0x0000000084300000| Untracked 
|  40|0x0000000084400000, 0x0000000084400000, 0x0000000084500000|  0%| F|  |TAMS 0x0000000084400000, 0x0000000084400000| Untracked 
|  41|0x0000000084500000, 0x0000000084500000, 0x0000000084600000|  0%| F|  |TAMS 0x0000000084500000, 0x0000000084500000| Untracked 
|  42|0x0000000084600000, 0x0000000084600000, 0x0000000084700000|  0%| F|  |TAMS 0x0000000084600000, 0x0000000084600000| Untracked 
|  43|0x0000000084700000, 0x0000000084700000, 0x0000000084800000|  0%| F|  |TAMS 0x0000000084700000, 0x0000000084700000| Untracked 
|  44|0x0000000084800000, 0x0000000084800000, 0x0000000084900000|  0%| F|  |TAMS 0x0000000084800000, 0x0000000084800000| Untracked 
|  45|0x0000000084900000, 0x0000000084900000, 0x0000000084a00000|  0%| F|  |TAMS 0x0000000084900000, 0x0000000084900000| Untracked 
|  46|0x0000000084a00000, 0x0000000084a00000, 0x0000000084b00000|  0%| F|  |TAMS 0x0000000084a00000, 0x0000000084a00000| Untracked 
|  47|0x0000000084b00000, 0x0000000084b00000, 0x0000000084c00000|  0%| F|  |TAMS 0x0000000084b00000, 0x0000000084b00000| Untracked 
|  48|0x0000000084c00000, 0x0000000084c00000, 0x0000000084d00000|  0%| F|  |TAMS 0x0000000084c00000, 0x0000000084c00000| Untracked 
|  49|0x0000000084d00000, 0x0000000084d00000, 0x0000000084e00000|  0%| F|  |TAMS 0x0000000084d00000, 0x0000000084d00000| Untracked 
|  50|0x0000000084e00000, 0x0000000084e00000, 0x0000000084f00000|  0%| F|  |TAMS 0x0000000084e00000, 0x0000000084e00000| Untracked 
|  51|0x0000000084f00000, 0x0000000084f00000, 0x0000000085000000|  0%| F|  |TAMS 0x0000000084f00000, 0x0000000084f00000| Untracked 
|  52|0x0000000085000000, 0x0000000085000000, 0x0000000085100000|  0%| F|  |TAMS 0x0000000085000000, 0x0000000085000000| Untracked 
|  53|0x0000000085100000, 0x0000000085100000, 0x0000000085200000|  0%| F|  |TAMS 0x0000000085100000, 0x0000000085100000| Untracked 
|  54|0x0000000085200000, 0x0000000085200000, 0x0000000085300000|  0%| F|  |TAMS 0x0000000085200000, 0x0000000085200000| Untracked 
|  55|0x0000000085300000, 0x0000000085300000, 0x0000000085400000|  0%| F|  |TAMS 0x0000000085300000, 0x0000000085300000| Untracked 
|  56|0x0000000085400000, 0x0000000085400000, 0x0000000085500000|  0%| F|  |TAMS 0x0000000085400000, 0x0000000085400000| Untracked 
|  57|0x0000000085500000, 0x0000000085500000, 0x0000000085600000|  0%| F|  |TAMS 0x0000000085500000, 0x0000000085500000| Untracked 
|  58|0x0000000085600000, 0x0000000085600000, 0x0000000085700000|  0%| F|  |TAMS 0x0000000085600000, 0x0000000085600000| Untracked 
|  59|0x0000000085700000, 0x0000000085700000, 0x0000000085800000|  0%| F|  |TAMS 0x0000000085700000, 0x0000000085700000| Untracked 
|  60|0x0000000085800000, 0x0000000085800000, 0x0000000085900000|  0%| F|  |TAMS 0x0000000085800000, 0x0000000085800000| Untracked 
|  61|0x0000000085900000, 0x0000000085900000, 0x0000000085a00000|  0%| F|  |TAMS 0x0000000085900000, 0x0000000085900000| Untracked 
|  62|0x0000000085a00000, 0x0000000085a00000, 0x0000000085b00000|  0%| F|  |TAMS 0x0000000085a00000, 0x0000000085a00000| Untracked 
|  63|0x0000000085b00000, 0x0000000085b00000, 0x0000000085c00000|  0%| F|  |TAMS 0x0000000085b00000, 0x0000000085b00000| Untracked 
|  64|0x0000000085c00000, 0x0000000085c00000, 0x0000000085d00000|  0%| F|  |TAMS 0x0000000085c00000, 0x0000000085c00000| Untracked 
|  65|0x0000000085d00000, 0x0000000085d00000, 0x0000000085e00000|  0%| F|  |TAMS 0x0000000085d00000, 0x0000000085d00000| Untracked 
|  66|0x0000000085e00000, 0x0000000085e00000, 0x0000000085f00000|  0%| F|  |TAMS 0x0000000085e00000, 0x0000000085e00000| Untracked 
|  67|0x0000000085f00000, 0x0000000085f00000, 0x0000000086000000|  0%| F|  |TAMS 0x0000000085f00000, 0x0000000085f00000| Untracked 
|  68|0x0000000086000000, 0x0000000086000000, 0x0000000086100000|  0%| F|  |TAMS 0x0000000086000000, 0x0000000086000000| Untracked 
|  69|0x0000000086100000, 0x0000000086100000, 0x0000000086200000|  0%| F|  |TAMS 0x0000000086100000, 0x0000000086100000| Untracked 
|  70|0x0000000086200000, 0x0000000086200000, 0x0000000086300000|  0%| F|  |TAMS 0x0000000086200000, 0x0000000086200000| Untracked 
|  71|0x0000000086300000, 0x0000000086300000, 0x0000000086400000|  0%| F|  |TAMS 0x0000000086300000, 0x0000000086300000| Untracked 
|  72|0x0000000086400000, 0x0000000086400000, 0x0000000086500000|  0%| F|  |TAMS 0x0000000086400000, 0x0000000086400000| Untracked 
|  73|0x0000000086500000, 0x0000000086500000, 0x0000000086600000|  0%| F|  |TAMS 0x0000000086500000, 0x0000000086500000| Untracked 
|  74|0x0000000086600000, 0x0000000086600000, 0x0000000086700000|  0%| F|  |TAMS 0x0000000086600000, 0x0000000086600000| Untracked 
|  75|0x0000000086700000, 0x0000000086700000, 0x0000000086800000|  0%| F|  |TAMS 0x0000000086700000, 0x0000000086700000| Untracked 
|  76|0x0000000086800000, 0x0000000086800000, 0x0000000086900000|  0%| F|  |TAMS 0x0000000086800000, 0x0000000086800000| Untracked 
|  77|0x0000000086900000, 0x0000000086900000, 0x0000000086a00000|  0%| F|  |TAMS 0x0000000086900000, 0x0000000086900000| Untracked 
|  78|0x0000000086a00000, 0x0000000086a00000, 0x0000000086b00000|  0%| F|  |TAMS 0x0000000086a00000, 0x0000000086a00000| Untracked 
|  79|0x0000000086b00000, 0x0000000086b00000, 0x0000000086c00000|  0%| F|  |TAMS 0x0000000086b00000, 0x0000000086b00000| Untracked 
|  80|0x0000000086c00000, 0x0000000086c00000, 0x0000000086d00000|  0%| F|  |TAMS 0x0000000086c00000, 0x0000000086c00000| Untracked 
|  81|0x0000000086d00000, 0x0000000086d00000, 0x0000000086e00000|  0%| F|  |TAMS 0x0000000086d00000, 0x0000000086d00000| Untracked 
|  82|0x0000000086e00000, 0x0000000086e00000, 0x0000000086f00000|  0%| F|  |TAMS 0x0000000086e00000, 0x0000000086e00000| Untracked 
|  83|0x0000000086f00000, 0x0000000086f00000, 0x0000000087000000|  0%| F|  |TAMS 0x0000000086f00000, 0x0000000086f00000| Untracked 
|  84|0x0000000087000000, 0x0000000087000000, 0x0000000087100000|  0%| F|  |TAMS 0x0000000087000000, 0x0000000087000000| Untracked 
|  85|0x0000000087100000, 0x0000000087100000, 0x0000000087200000|  0%| F|  |TAMS 0x0000000087100000, 0x0000000087100000| Untracked 
|  86|0x0000000087200000, 0x0000000087200000, 0x0000000087300000|  0%| F|  |TAMS 0x0000000087200000, 0x0000000087200000| Untracked 
|  87|0x0000000087300000, 0x0000000087300000, 0x0000000087400000|  0%| F|  |TAMS 0x0000000087300000, 0x0000000087300000| Untracked 
|  88|0x0000000087400000, 0x0000000087400000, 0x0000000087500000|  0%| F|  |TAMS 0x0000000087400000, 0x0000000087400000| Untracked 
|  89|0x0000000087500000, 0x0000000087500000, 0x0000000087600000|  0%| F|  |TAMS 0x0000000087500000, 0x0000000087500000| Untracked 
|  90|0x0000000087600000, 0x0000000087600000, 0x0000000087700000|  0%| F|  |TAMS 0x0000000087600000, 0x0000000087600000| Untracked 
|  91|0x0000000087700000, 0x0000000087700000, 0x0000000087800000|  0%| F|  |TAMS 0x0000000087700000, 0x0000000087700000| Untracked 
|  92|0x0000000087800000, 0x0000000087800000, 0x0000000087900000|  0%| F|  |TAMS 0x0000000087800000, 0x0000000087800000| Untracked 
|  93|0x0000000087900000, 0x0000000087900000, 0x0000000087a00000|  0%| F|  |TAMS 0x0000000087900000, 0x0000000087900000| Untracked 
|  94|0x0000000087a00000, 0x0000000087a00000, 0x0000000087b00000|  0%| F|  |TAMS 0x0000000087a00000, 0x0000000087a00000| Untracked 
|  95|0x0000000087b00000, 0x0000000087b00000, 0x0000000087c00000|  0%| F|  |TAMS 0x0000000087b00000, 0x0000000087b00000| Untracked 
|  96|0x0000000087c00000, 0x0000000087c00000, 0x0000000087d00000|  0%| F|  |TAMS 0x0000000087c00000, 0x0000000087c00000| Untracked 
|  97|0x0000000087d00000, 0x0000000087d00000, 0x0000000087e00000|  0%| F|  |TAMS 0x0000000087d00000, 0x0000000087d00000| Untracked 
|  98|0x0000000087e00000, 0x0000000087e00000, 0x0000000087f00000|  0%| F|  |TAMS 0x0000000087e00000, 0x0000000087e00000| Untracked 
|  99|0x0000000087f00000, 0x0000000087f00000, 0x0000000088000000|  0%| F|  |TAMS 0x0000000087f00000, 0x0000000087f00000| Untracked 
| 100|0x0000000088000000, 0x0000000088000000, 0x0000000088100000|  0%| F|  |TAMS 0x0000000088000000, 0x0000000088000000| Untracked 
| 101|0x0000000088100000, 0x0000000088100000, 0x0000000088200000|  0%| F|  |TAMS 0x0000000088100000, 0x0000000088100000| Untracked 
| 102|0x0000000088200000, 0x0000000088200000, 0x0000000088300000|  0%| F|  |TAMS 0x0000000088200000, 0x0000000088200000| Untracked 
| 103|0x0000000088300000, 0x0000000088300000, 0x0000000088400000|  0%| F|  |TAMS 0x0000000088300000, 0x0000000088300000| Untracked 
| 104|0x0000000088400000, 0x0000000088400000, 0x0000000088500000|  0%| F|  |TAMS 0x0000000088400000, 0x0000000088400000| Untracked 
| 105|0x0000000088500000, 0x0000000088500000, 0x0000000088600000|  0%| F|  |TAMS 0x0000000088500000, 0x0000000088500000| Untracked 
| 106|0x0000000088600000, 0x0000000088600000, 0x0000000088700000|  0%| F|  |TAMS 0x0000000088600000, 0x0000000088600000| Untracked 
| 107|0x0000000088700000, 0x0000000088700000, 0x0000000088800000|  0%| F|  |TAMS 0x0000000088700000, 0x0000000088700000| Untracked 
| 127|0x0000000089b00000, 0x0000000089b00000, 0x0000000089c00000|  0%| F|  |TAMS 0x0000000089b00000, 0x0000000089b00000| Untracked 

Card table byte_map: [0x000001fa2fb80000,0x000001fa2ff80000] _byte_map_base: 0x000001fa2f772000

Marking Bits (Prev, Next): (CMBitMap*) 0x000001fa22e079c0, (CMBitMap*) 0x000001fa22e07a00
 Prev Bits: [0x000001fa30380000, 0x000001fa32310000)
 Next Bits: [0x000001fa32310000, 0x000001fa342a0000)

Polling page: 0x000001fa22e50000

Metaspace:

Usage:
  Non-class:     40.90 MB used.
      Class:      6.58 MB used.
       Both:     47.48 MB used.

Virtual space:
  Non-class space:       64.00 MB reserved,      41.13 MB ( 64%) committed,  1 nodes.
      Class space:        1.00 GB reserved,       6.81 MB ( <1%) committed,  1 nodes.
             Both:        1.06 GB reserved,      47.94 MB (  4%) committed. 

Chunk freelists:
   Non-Class:  2.83 MB
       Class:  1.25 MB
        Both:  4.08 MB

MaxMetaspaceSize: unlimited
CompressedClassSpaceSize: 1.00 GB
Initial GC threshold: 21.00 MB
Current GC threshold: 59.31 MB
CDS: on
MetaspaceReclaimPolicy: balanced
 - commit_granule_bytes: 65536.
 - commit_granule_words: 8192.
 - virtual_space_node_default_size: 8388608.
 - enlarge_chunks_in_place: 1.
 - new_chunks_are_fully_committed: 0.
 - uncommit_free_chunks: 1.
 - use_allocation_guard: 0.


Internal statistics:

num_allocs_failed_limit: 6.
num_arena_births: 556.
num_arena_deaths: 0.
num_vsnodes_births: 2.
num_vsnodes_deaths: 0.
num_space_committed: 767.
num_space_uncommitted: 0.
num_chunks_returned_to_freelist: 6.
num_chunks_taken_from_freelist: 2115.
num_chunk_merges: 6.
num_chunk_splits: 1548.
num_chunks_enlarged: 1223.
num_inconsistent_stats: 0.

CodeCache: size=49152Kb used=11030Kb max_used=11030Kb free=38121Kb
 bounds [0x000001fa2be90000, 0x000001fa2c960000, 0x000001fa2ee90000]
 total_blobs=5653 nmethods=5016 adapters=559
 compilation: enabled
              stopped_count=0, restarted_count=0
 full_count=0

Compilation events (20 events):
Event: 6.701 Thread 0x000001fa3b08a7b0 nmethod 5006 0x000001fa2c950510 code [0x000001fa2c9506e0, 0x000001fa2c9508d8]
Event: 6.701 Thread 0x000001fa3b08a7b0 5008       1       java.lang.invoke.InvokerBytecodeGenerator::emitReturn (107 bytes)
Event: 6.701 Thread 0x000001fa3b089d90 nmethod 5007 0x000001fa2c950a90 code [0x000001fa2c950ca0, 0x000001fa2c951158]
Event: 6.701 Thread 0x000001fa3b089d90 5010       1       java.lang.invoke.InvokerBytecodeGenerator::bogusMethod (74 bytes)
Event: 6.702 Thread 0x000001fa3b089d90 nmethod 5010 0x000001fa2c951390 code [0x000001fa2c951520, 0x000001fa2c9515d8]
Event: 6.702 Thread 0x000001fa3b089d90 5011   !   1       java.lang.invoke.InvokerBytecodeGenerator::toByteArray (18 bytes)
Event: 6.702 Thread 0x000001fa3b08a7b0 nmethod 5008 0x000001fa2c951690 code [0x000001fa2c951880, 0x000001fa2c951b28]
Event: 6.702 Thread 0x000001fa3b08a7b0 5012       1       java.lang.invoke.InvokerBytecodeGenerator::maybeDump (15 bytes)
Event: 6.702 Thread 0x000001fa3b089d90 nmethod 5011 0x000001fa2c951d90 code [0x000001fa2c951f40, 0x000001fa2c952098]
Event: 6.702 Thread 0x000001fa3b089d90 5013       1       java.lang.invoke.InvokerBytecodeGenerator::loadMethod (36 bytes)
Event: 6.702 Thread 0x000001fa3b08a7b0 nmethod 5012 0x000001fa2c952210 code [0x000001fa2c9523a0, 0x000001fa2c952458]
Event: 6.702 Thread 0x000001fa3b08a7b0 5014       1       java.lang.invoke.MethodHandles::classData (17 bytes)
Event: 6.702 Thread 0x000001fa36d40800 nmethod 5005 0x000001fa2c952510 code [0x000001fa2c952740, 0x000001fa2c9530e8]
Event: 6.702 Thread 0x000001fa3b089d90 nmethod 5013 0x000001fa2c953490 code [0x000001fa2c953660, 0x000001fa2c953918]
Event: 6.702 Thread 0x000001fa3b08a7b0 nmethod 5014 0x000001fa2c953a90 code [0x000001fa2c953c40, 0x000001fa2c953e18]
Event: 6.702 Thread 0x000001fa36d40800 5015       1       java.util.Collections$SynchronizedCollection::iterator (10 bytes)
Event: 6.703 Thread 0x000001fa36d40800 nmethod 5015 0x000001fa2c953f90 code [0x000001fa2c954120, 0x000001fa2c954208]
Event: 6.703 Thread 0x000001fa3b08a2a0 nmethod 5009 0x000001fa2c954290 code [0x000001fa2c954600, 0x000001fa2c954fb8]
Event: 6.706 Thread 0x000001fa3b089d90 5016       1       java.lang.reflect.Executable$$Lambda$322/0x0000000800d5a0c0::apply (10 bytes)
Event: 6.706 Thread 0x000001fa3b089d90 nmethod 5016 0x000001fa2c955610 code [0x000001fa2c9557a0, 0x000001fa2c9558e8]

GC Heap History (20 events):
Event: 1.628 GC heap after
{Heap after GC invocations=2 (full 0):
 garbage-first heap   total 131072K, used 10260K [0x0000000081c00000, 0x0000000100000000)
  region size 1024K, 3 young (3072K), 3 survivors (3072K)
 Metaspace       used 12621K, committed 12992K, reserved 1114112K
  class space    used 1654K, committed 1856K, reserved 1048576K
}
Event: 2.446 GC heap before
{Heap before GC invocations=2 (full 0):
 garbage-first heap   total 131072K, used 51220K [0x0000000081c00000, 0x0000000100000000)
  region size 1024K, 44 young (45056K), 3 survivors (3072K)
 Metaspace       used 18871K, committed 19200K, reserved 1114112K
  class space    used 2462K, committed 2624K, reserved 1048576K
}
Event: 2.458 GC heap after
{Heap after GC invocations=3 (full 0):
 garbage-first heap   total 131072K, used 12847K [0x0000000081c00000, 0x0000000100000000)
  region size 1024K, 5 young (5120K), 5 survivors (5120K)
 Metaspace       used 18871K, committed 19200K, reserved 1114112K
  class space    used 2462K, committed 2624K, reserved 1048576K
}
Event: 2.934 GC heap before
{Heap before GC invocations=3 (full 0):
 garbage-first heap   total 131072K, used 32303K [0x0000000081c00000, 0x0000000100000000)
  region size 1024K, 25 young (25600K), 5 survivors (5120K)
 Metaspace       used 21193K, committed 21504K, reserved 1114112K
  class space    used 2818K, committed 3008K, reserved 1048576K
}
Event: 2.946 GC heap after
{Heap after GC invocations=4 (full 0):
 garbage-first heap   total 131072K, used 14016K [0x0000000081c00000, 0x0000000100000000)
  region size 1024K, 6 young (6144K), 6 survivors (6144K)
 Metaspace       used 21193K, committed 21504K, reserved 1114112K
  class space    used 2818K, committed 3008K, reserved 1048576K
}
Event: 3.642 GC heap before
{Heap before GC invocations=5 (full 0):
 garbage-first heap   total 51200K, used 38592K [0x0000000081c00000, 0x0000000100000000)
  region size 1024K, 30 young (30720K), 6 survivors (6144K)
 Metaspace       used 24552K, committed 24896K, reserved 1114112K
  class space    used 3321K, committed 3456K, reserved 1048576K
}
Event: 3.664 GC heap after
{Heap after GC invocations=6 (full 0):
 garbage-first heap   total 51200K, used 16082K [0x0000000081c00000, 0x0000000100000000)
  region size 1024K, 4 young (4096K), 4 survivors (4096K)
 Metaspace       used 24552K, committed 24896K, reserved 1114112K
  class space    used 3321K, committed 3456K, reserved 1048576K
}
Event: 3.690 GC heap before
{Heap before GC invocations=6 (full 0):
 garbage-first heap   total 51200K, used 17106K [0x0000000081c00000, 0x0000000100000000)
  region size 1024K, 5 young (5120K), 4 survivors (4096K)
 Metaspace       used 24651K, committed 25024K, reserved 1114112K
  class space    used 3340K, committed 3520K, reserved 1048576K
}
Event: 3.704 GC heap after
{Heap after GC invocations=7 (full 0):
 garbage-first heap   total 61440K, used 16438K [0x0000000081c00000, 0x0000000100000000)
  region size 1024K, 1 young (1024K), 1 survivors (1024K)
 Metaspace       used 24651K, committed 25024K, reserved 1114112K
  class space    used 3340K, committed 3520K, reserved 1048576K
}
Event: 4.335 GC heap before
{Heap before GC invocations=7 (full 0):
 garbage-first heap   total 61440K, used 42038K [0x0000000081c00000, 0x0000000100000000)
  region size 1024K, 27 young (27648K), 1 survivors (1024K)
 Metaspace       used 27888K, committed 28288K, reserved 1114112K
  class space    used 3768K, committed 3968K, reserved 1048576K
}
Event: 4.339 GC heap after
{Heap after GC invocations=8 (full 0):
 garbage-first heap   total 61440K, used 18335K [0x0000000081c00000, 0x0000000100000000)
  region size 1024K, 3 young (3072K), 3 survivors (3072K)
 Metaspace       used 27888K, committed 28288K, reserved 1114112K
  class space    used 3768K, committed 3968K, reserved 1048576K
}
Event: 5.016 GC heap before
{Heap before GC invocations=8 (full 0):
 garbage-first heap   total 61440K, used 42911K [0x0000000081c00000, 0x0000000100000000)
  region size 1024K, 28 young (28672K), 3 survivors (3072K)
 Metaspace       used 33541K, committed 33984K, reserved 1114112K
  class space    used 4689K, committed 4864K, reserved 1048576K
}
Event: 5.021 GC heap after
{Heap after GC invocations=9 (full 0):
 garbage-first heap   total 61440K, used 20094K [0x0000000081c00000, 0x0000000100000000)
  region size 1024K, 2 young (2048K), 2 survivors (2048K)
 Metaspace       used 33541K, committed 33984K, reserved 1114112K
  class space    used 4689K, committed 4864K, reserved 1048576K
}
Event: 5.221 GC heap before
{Heap before GC invocations=9 (full 0):
 garbage-first heap   total 61440K, used 26238K [0x0000000081c00000, 0x0000000100000000)
  region size 1024K, 9 young (9216K), 2 survivors (2048K)
 Metaspace       used 35658K, committed 36096K, reserved 1114112K
  class space    used 4898K, committed 5120K, reserved 1048576K
}
Event: 5.225 GC heap after
{Heap after GC invocations=10 (full 0):
 garbage-first heap   total 61440K, used 20690K [0x0000000081c00000, 0x0000000100000000)
  region size 1024K, 3 young (3072K), 3 survivors (3072K)
 Metaspace       used 35658K, committed 36096K, reserved 1114112K
  class space    used 4898K, committed 5120K, reserved 1048576K
}
Event: 5.891 GC heap before
{Heap before GC invocations=11 (full 0):
 garbage-first heap   total 61440K, used 46290K [0x0000000081c00000, 0x0000000100000000)
  region size 1024K, 28 young (28672K), 3 survivors (3072K)
 Metaspace       used 42945K, committed 43456K, reserved 1114112K
  class space    used 5837K, committed 6080K, reserved 1048576K
}
Event: 5.898 GC heap after
{Heap after GC invocations=12 (full 0):
 garbage-first heap   total 61440K, used 22800K [0x0000000081c00000, 0x0000000100000000)
  region size 1024K, 3 young (3072K), 3 survivors (3072K)
 Metaspace       used 42945K, committed 43456K, reserved 1114112K
  class space    used 5837K, committed 6080K, reserved 1048576K
}
Event: 5.913 GC heap before
{Heap before GC invocations=12 (full 0):
 garbage-first heap   total 61440K, used 23824K [0x0000000081c00000, 0x0000000100000000)
  region size 1024K, 4 young (4096K), 3 survivors (3072K)
 Metaspace       used 43085K, committed 43584K, reserved 1114112K
  class space    used 5852K, committed 6080K, reserved 1048576K
}
Event: 5.918 GC heap after
{Heap after GC invocations=13 (full 0):
 garbage-first heap   total 61440K, used 23075K [0x0000000081c00000, 0x0000000100000000)
  region size 1024K, 1 young (1024K), 1 survivors (1024K)
 Metaspace       used 43085K, committed 43584K, reserved 1114112K
  class space    used 5852K, committed 6080K, reserved 1048576K
}
Event: 6.709 GC heap before
{Heap before GC invocations=13 (full 0):
 garbage-first heap   total 61440K, used 45603K [0x0000000081c00000, 0x0000000100000000)
  region size 1024K, 24 young (24576K), 1 survivors (1024K)
 Metaspace       used 48622K, committed 49088K, reserved 1114112K
  class space    used 6737K, committed 6976K, reserved 1048576K
}

Deoptimization events (6 events):
Event: 1.689 Thread 0x000001fa22da96c0 DEOPT PACKING pc=0x000001fa2c449319 sp=0x00000026560fd550
Event: 1.689 Thread 0x000001fa22da96c0 DEOPT UNPACKING pc=0x000001fa2bee2b43 sp=0x00000026560fca30 mode 3
Event: 2.813 Thread 0x000001fa22da96c0 DEOPT PACKING pc=0x000001fa2c48d424 sp=0x00000026560fda40
Event: 2.813 Thread 0x000001fa22da96c0 DEOPT UNPACKING pc=0x000001fa2bee2b43 sp=0x00000026560fcf98 mode 0
Event: 3.564 Thread 0x000001fa22da96c0 DEOPT PACKING pc=0x000001fa2c4e589d sp=0x00000026560fc9c0
Event: 3.564 Thread 0x000001fa22da96c0 DEOPT UNPACKING pc=0x000001fa2bee2b43 sp=0x00000026560fbf28 mode 3

Classes loaded (20 events):
Event: 6.449 Loading class java/io/StreamCorruptedException
Event: 6.449 Loading class java/io/StreamCorruptedException done
Event: 6.450 Loading class java/io/ObjectInputValidation
Event: 6.450 Loading class java/io/ObjectInputValidation done
Event: 6.450 Loading class java/io/NotActiveException
Event: 6.450 Loading class java/io/NotActiveException done
Event: 6.567 Loading class java/util/TimerTask
Event: 6.567 Loading class java/util/TimerTask done
Event: 6.694 Loading class javax/naming/Reference
Event: 6.694 Loading class javax/naming/Reference done
Event: 6.695 Loading class java/util/ArrayList$ListItr
Event: 6.695 Loading class java/util/ArrayList$ListItr done
Event: 6.701 Loading class java/lang/ObjectCustomizer
Event: 6.701 Loading class java/lang/ObjectCustomizer done
Event: 6.701 Loading class java/lang/ObjectCustomizer
Event: 6.701 Loading class java/lang/ObjectCustomizer done
Event: 6.705 Loading class java/lang/ObjectCustomizer
Event: 6.705 Loading class java/lang/ObjectCustomizer done
Event: 6.705 Loading class java/lang/ObjectCustomizer
Event: 6.705 Loading class java/lang/ObjectCustomizer done

Classes unloaded (0 events):
No events

Classes redefined (0 events):
No events

Internal exceptions (20 events):
Event: 4.538 Thread 0x000001fa22da96c0 Exception <a 'java/lang/ClassNotFoundException'{0x0000000084e359b8}: org/springframework/orm/jpa/EntityManagerFactoryInfoCustomizer> (0x0000000084e359b8) 
thrown [s\open\src\hotspot\share\classfile\systemDictionary.cpp, line 255]
Event: 4.539 Thread 0x000001fa22da96c0 Exception <a 'java/lang/ClassNotFoundException'{0x0000000084e443c0}: org/springframework/dao/support/PersistenceExceptionTranslatorCustomizer> (0x0000000084e443c0) 
thrown [s\open\src\hotspot\share\classfile\systemDictionary.cpp, line 255]
Event: 5.309 Thread 0x000001fa22da96c0 Exception <a 'sun/nio/fs/WindowsException'{0x000000008863b710}> (0x000000008863b710) 
thrown [s\open\src\hotspot\share\prims\jni.cpp, line 516]
Event: 5.631 Thread 0x000001fa22da96c0 Exception <a 'java/lang/NoSuchMethodError'{0x0000000084df89d8}: 'java.lang.Object java.lang.invoke.DirectMethodHandle$Holder.invokeStaticInit(java.lang.Object, java.lang.Object, java.lang.Object, java.lang.Object)'> (0x0000000084df89d8) 
thrown [s\open\src\hotspot\share\interpreter\linkResolver.cpp, line 759]
Event: 5.887 Thread 0x000001fa22da96c0 Exception <a 'java/lang/NoSuchMethodError'{0x0000000083d90878}: 'java.lang.Object java.lang.invoke.DirectMethodHandle$Holder.newInvokeSpecial(java.lang.Object, java.lang.Object, int, java.lang.Object, java.lang.Object)'> (0x0000000083d90878) 
thrown [s\open\src\hotspot\share\interpreter\linkResolver.cpp, line 759]
Event: 6.431 Thread 0x000001fa22da96c0 Exception <a 'java/lang/NoSuchMethodError'{0x000000008465bcf8}: 'java.lang.Object java.lang.invoke.DirectMethodHandle$Holder.invokeStaticInit(java.lang.Object, java.lang.Object, java.lang.Object, java.lang.Object, int, int)'> (0x000000008465bcf8) 
thrown [s\open\src\hotspot\share\interpreter\linkResolver.cpp, line 759]
Event: 6.700 Thread 0x000001fa22da96c0 Exception <a 'java/lang/NoSuchMethodError'{0x00000000840a0e60}: 'void java.lang.invoke.Invokers$Holder.invokeExact_MT(java.lang.Object, java.lang.Object, java.lang.Object, java.lang.Object)'> (0x00000000840a0e60) 
thrown [s\open\src\hotspot\share\interpreter\linkResolver.cpp, line 759]
Event: 6.701 Thread 0x000001fa22da96c0 Exception <a 'java/lang/ClassNotFoundException'{0x00000000840a5cc0}: java/lang/ObjectCustomizer> (0x00000000840a5cc0) 
thrown [s\open\src\hotspot\share\classfile\systemDictionary.cpp, line 255]
Event: 6.702 Thread 0x000001fa22da96c0 Exception <a 'java/lang/ClassNotFoundException'{0x00000000840accf0}: pl/watiaty/testeng/TestengApplicationCustomizer> (0x00000000840accf0) 
thrown [s\open\src\hotspot\share\classfile\systemDictionary.cpp, line 255]
Event: 6.702 Thread 0x000001fa22da96c0 Exception <a 'java/lang/ClassNotFoundException'{0x00000000840b2810}: pl/watiaty/testeng/TestengApplication$$EnhancerBySpringCGLIB$$ccfdb81eCustomizer> (0x00000000840b2810) 
thrown [s\open\src\hotspot\share\classfile\systemDictionary.cpp, line 255]
Event: 6.703 Thread 0x000001fa22da96c0 Exception <a 'java/lang/ClassNotFoundException'{0x00000000840bc0b8}: org/springframework/context/annotation/ConfigurationClassEnhancer$EnhancedConfigurationCustomizer> (0x00000000840bc0b8) 
thrown [s\open\src\hotspot\share\classfile\systemDictionary.cpp, line 255]
Event: 6.703 Thread 0x000001fa22da96c0 Exception <a 'java/lang/ClassNotFoundException'{0x00000000840c0140}: org/springframework/beans/factory/BeanFactoryAwareCustomizer> (0x00000000840c0140) 
thrown [s\open\src\hotspot\share\classfile\systemDictionary.cpp, line 255]
Event: 6.704 Thread 0x000001fa22da96c0 Exception <a 'java/lang/ClassNotFoundException'{0x00000000840c52c8}: org/springframework/beans/factory/AwareCustomizer> (0x00000000840c52c8) 
thrown [s\open\src\hotspot\share\classfile\systemDictionary.cpp, line 255]
Event: 6.705 Thread 0x000001fa22da96c0 Exception <a 'java/lang/ClassNotFoundException'{0x00000000840d1d28}: java/lang/ObjectCustomizer> (0x00000000840d1d28) 
thrown [s\open\src\hotspot\share\classfile\systemDictionary.cpp, line 255]
Event: 6.706 Thread 0x000001fa22da96c0 Exception <a 'java/lang/ClassNotFoundException'{0x00000000840d8bd8}: pl/watiaty/testeng/config/MvcConfigCustomizer> (0x00000000840d8bd8) 
thrown [s\open\src\hotspot\share\classfile\systemDictionary.cpp, line 255]
Event: 6.706 Thread 0x000001fa22da96c0 Exception <a 'java/lang/ClassNotFoundException'{0x00000000840df1c8}: pl/watiaty/testeng/config/MvcConfig$$EnhancerBySpringCGLIB$$4d41b58aCustomizer> (0x00000000840df1c8) 
thrown [s\open\src\hotspot\share\classfile\systemDictionary.cpp, line 255]
Event: 6.707 Thread 0x000001fa22da96c0 Exception <a 'java/lang/ClassNotFoundException'{0x00000000840ea6e8}: org/springframework/context/annotation/ConfigurationClassEnhancer$EnhancedConfigurationCustomizer> (0x00000000840ea6e8) 
thrown [s\open\src\hotspot\share\classfile\systemDictionary.cpp, line 255]
Event: 6.707 Thread 0x000001fa22da96c0 Exception <a 'java/lang/ClassNotFoundException'{0x00000000840ee660}: org/springframework/beans/factory/BeanFactoryAwareCustomizer> (0x00000000840ee660) 
thrown [s\open\src\hotspot\share\classfile\systemDictionary.cpp, line 255]
Event: 6.708 Thread 0x000001fa22da96c0 Exception <a 'java/lang/ClassNotFoundException'{0x00000000840f37d8}: org/springframework/beans/factory/AwareCustomizer> (0x00000000840f37d8) 
thrown [s\open\src\hotspot\share\classfile\systemDictionary.cpp, line 255]
Event: 6.708 Thread 0x000001fa22da96c0 Exception <a 'java/lang/ClassNotFoundException'{0x00000000840f8180}: org/springframework/web/servlet/config/annotation/WebMvcConfigurerCustomizer> (0x00000000840f8180) 
thrown [s\open\src\hotspot\share\classfile\systemDictionary.cpp, line 255]

VM Operations (20 events):
Event: 5.225 Executing VM operation: CollectForMetadataAllocation done
Event: 5.255 Executing VM operation: G1Concurrent
Event: 5.258 Executing VM operation: G1Concurrent done
Event: 5.270 Executing VM operation: G1Concurrent
Event: 5.270 Executing VM operation: G1Concurrent done
Event: 5.273 Executing VM operation: HandshakeAllThreads
Event: 5.273 Executing VM operation: HandshakeAllThreads done
Event: 5.273 Executing VM operation: HandshakeAllThreads
Event: 5.273 Executing VM operation: HandshakeAllThreads done
Event: 5.315 Executing VM operation: HandshakeAllThreads
Event: 5.315 Executing VM operation: HandshakeAllThreads done
Event: 5.492 Executing VM operation: HandshakeAllThreads
Event: 5.492 Executing VM operation: HandshakeAllThreads done
Event: 5.891 Executing VM operation: G1CollectForAllocation
Event: 5.898 Executing VM operation: G1CollectForAllocation done
Event: 5.913 Executing VM operation: G1CollectForAllocation
Event: 5.918 Executing VM operation: G1CollectForAllocation done
Event: 6.695 Executing VM operation: HandshakeAllThreads
Event: 6.695 Executing VM operation: HandshakeAllThreads done
Event: 6.709 Executing VM operation: G1CollectForAllocation

Events (20 events):
Event: 3.341 Thread 0x000001fa44039050 Thread exited: 0x000001fa44039050
Event: 3.844 Thread 0x000001fa44083040 Thread added: 0x000001fa44083040
Event: 3.852 Thread 0x000001fa44083040 Thread exited: 0x000001fa44083040
Event: 4.112 Loaded shared library C:\Users\Лиза\.jdks\openjdk-18.0.2\bin\sunmscapi.dll
Event: 4.308 Thread 0x000001fa441c4500 Thread added: 0x000001fa441c4500
Event: 4.309 Thread 0x000001fa44083af0 Thread added: 0x000001fa44083af0
Event: 4.313 Thread 0x000001fa44083fb0 Thread added: 0x000001fa44083fb0
Event: 4.351 Thread 0x000001fa44269840 Thread added: 0x000001fa44269840
Event: 4.355 Thread 0x000001fa442671c0 Thread added: 0x000001fa442671c0
Event: 4.361 Thread 0x000001fa442671c0 Thread exited: 0x000001fa442671c0
Event: 4.863 Thread 0x000001fa44269d10 Thread added: 0x000001fa44269d10
Event: 4.868 Thread 0x000001fa44269d10 Thread exited: 0x000001fa44269d10
Event: 5.370 Thread 0x000001fa44269d10 Thread added: 0x000001fa44269d10
Event: 5.377 Thread 0x000001fa44269d10 Thread exited: 0x000001fa44269d10
Event: 5.570 Thread 0x000001fa44269d10 Thread added: 0x000001fa44269d10
Event: 5.674 Thread 0x000001fa44268500 Thread added: 0x000001fa44268500
Event: 5.879 Thread 0x000001fa44268ea0 Thread added: 0x000001fa44268ea0
Event: 5.886 Thread 0x000001fa44268ea0 Thread exited: 0x000001fa44268ea0
Event: 6.389 Thread 0x000001fa44268ea0 Thread added: 0x000001fa44268ea0
Event: 6.396 Thread 0x000001fa44268ea0 Thread exited: 0x000001fa44268ea0


Dynamic libraries:
0x00007ff642340000 - 0x00007ff64234e000 	C:\Users\Лиза\.jdks\openjdk-18.0.2\bin\java.exe
0x00007ff8f5990000 - 0x00007ff8f5b7d000 	C:\WINDOWS\SYSTEM32\ntdll.dll
0x00007ff8f30c0000 - 0x00007ff8f3173000 	C:\WINDOWS\System32\KERNEL32.DLL
0x00007ff8f2900000 - 0x00007ff8f2b93000 	C:\WINDOWS\System32\KERNELBASE.dll
0x00007ff8f1df0000 - 0x00007ff8f1eea000 	C:\WINDOWS\System32\ucrtbase.dll
0x00007ff8daa40000 - 0x00007ff8daa5a000 	C:\Users\Лиза\.jdks\openjdk-18.0.2\bin\VCRUNTIME140.dll
0x00007ff8dabe0000 - 0x00007ff8dabf7000 	C:\Users\Лиза\.jdks\openjdk-18.0.2\bin\jli.dll
0x00007ff8f2c90000 - 0x00007ff8f2e27000 	C:\WINDOWS\System32\USER32.dll
0x00007ff8dc720000 - 0x00007ff8dc999000 	C:\WINDOWS\WinSxS\amd64_microsoft.windows.common-controls_6595b64144ccf1df_6.0.17763.557_none_05b63f68071e5b9f\COMCTL32.dll
0x00007ff8f28e0000 - 0x00007ff8f2900000 	C:\WINDOWS\System32\win32u.dll
0x00007ff8f4d00000 - 0x00007ff8f4d9e000 	C:\WINDOWS\System32\msvcrt.dll
0x00007ff8f2e30000 - 0x00007ff8f2e59000 	C:\WINDOWS\System32\GDI32.dll
0x00007ff8f5620000 - 0x00007ff8f594c000 	C:\WINDOWS\System32\combase.dll
0x00007ff8f1ef0000 - 0x00007ff8f208a000 	C:\WINDOWS\System32\gdi32full.dll
0x00007ff8f47d0000 - 0x00007ff8f48f2000 	C:\WINDOWS\System32\RPCRT4.dll
0x00007ff8f2840000 - 0x00007ff8f28e0000 	C:\WINDOWS\System32\msvcp_win.dll
0x00007ff8f1cc0000 - 0x00007ff8f1d3e000 	C:\WINDOWS\System32\bcryptPrimitives.dll
0x00007ff8f5420000 - 0x00007ff8f544e000 	C:\WINDOWS\System32\IMM32.DLL
0x00007ff8da9e0000 - 0x00007ff8da9ec000 	C:\Users\Лиза\.jdks\openjdk-18.0.2\bin\vcruntime140_1.dll
0x00007ff8acef0000 - 0x00007ff8acf7d000 	C:\Users\Лиза\.jdks\openjdk-18.0.2\bin\msvcp140.dll
0x00007ff8a46b0000 - 0x00007ff8a52c1000 	C:\Users\Лиза\.jdks\openjdk-18.0.2\bin\server\jvm.dll
0x00007ff8f2e60000 - 0x00007ff8f2f03000 	C:\WINDOWS\System32\ADVAPI32.dll
0x00007ff8f4c60000 - 0x00007ff8f4cfe000 	C:\WINDOWS\System32\sechost.dll
0x00007ff8f5220000 - 0x00007ff8f5228000 	C:\WINDOWS\System32\PSAPI.DLL
0x00007ff8ecbb0000 - 0x00007ff8ecbb9000 	C:\WINDOWS\SYSTEM32\WSOCK32.dll
0x00007ff8ef040000 - 0x00007ff8ef064000 	C:\WINDOWS\SYSTEM32\WINMM.dll
0x00007ff8eadf0000 - 0x00007ff8eadfa000 	C:\WINDOWS\SYSTEM32\VERSION.dll
0x00007ff8f4900000 - 0x00007ff8f496d000 	C:\WINDOWS\System32\WS2_32.dll
0x00007ff8eef80000 - 0x00007ff8eefad000 	C:\WINDOWS\SYSTEM32\WINMMBASE.dll
0x00007ff8f1c70000 - 0x00007ff8f1cba000 	C:\WINDOWS\System32\cfgmgr32.dll
0x00007ff8f1a20000 - 0x00007ff8f1a31000 	C:\WINDOWS\System32\kernel.appcore.dll
0x00007ff8da5f0000 - 0x00007ff8da5fa000 	C:\Users\Лиза\.jdks\openjdk-18.0.2\bin\jimage.dll
0x00007ff8f0390000 - 0x00007ff8f057d000 	C:\WINDOWS\SYSTEM32\DBGHELP.DLL
0x00007ff8d6580000 - 0x00007ff8d65aa000 	C:\WINDOWS\SYSTEM32\dbgcore.DLL
0x00007ff8d4300000 - 0x00007ff8d430e000 	C:\Users\Лиза\.jdks\openjdk-18.0.2\bin\instrument.dll
0x00007ff8d0770000 - 0x00007ff8d0795000 	C:\Users\Лиза\.jdks\openjdk-18.0.2\bin\java.dll
0x00007ff8ace10000 - 0x00007ff8acee6000 	C:\Users\Лиза\.jdks\openjdk-18.0.2\bin\jsvml.dll
0x00007ff8f32e0000 - 0x00007ff8f47d0000 	C:\WINDOWS\System32\SHELL32.dll
0x00007ff8f52b0000 - 0x00007ff8f5358000 	C:\WINDOWS\System32\shcore.dll
0x00007ff8f2090000 - 0x00007ff8f27da000 	C:\WINDOWS\System32\windows.storage.dll
0x00007ff8f1990000 - 0x00007ff8f19b4000 	C:\WINDOWS\System32\profapi.dll
0x00007ff8f19c0000 - 0x00007ff8f1a1d000 	C:\WINDOWS\System32\powrprof.dll
0x00007ff8f5450000 - 0x00007ff8f54a2000 	C:\WINDOWS\System32\shlwapi.dll
0x00007ff8f2ba0000 - 0x00007ff8f2bb7000 	C:\WINDOWS\System32\cryptsp.dll
0x00007ff8c0360000 - 0x00007ff8c0378000 	C:\Users\Лиза\.jdks\openjdk-18.0.2\bin\zip.dll
0x00007ff8da490000 - 0x00007ff8da4a3000 	C:\Users\Лиза\.jdks\openjdk-18.0.2\bin\net.dll
0x00007ff8dad00000 - 0x00007ff8dadf1000 	C:\WINDOWS\SYSTEM32\WINHTTP.dll
0x00007ff8f1210000 - 0x00007ff8f1277000 	C:\WINDOWS\system32\mswsock.dll
0x00007ff8d4d60000 - 0x00007ff8d4d76000 	C:\Users\Лиза\.jdks\openjdk-18.0.2\bin\nio.dll
0x00007ff8bf560000 - 0x00007ff8bf57a000 	C:\Program Files\JetBrains\IntelliJ IDEA 2022.2\bin\breakgen64.dll
0x00007ff8f0fb0000 - 0x00007ff8f1076000 	C:\WINDOWS\SYSTEM32\DNSAPI.dll
0x00007ff8f5950000 - 0x00007ff8f5958000 	C:\WINDOWS\System32\NSI.dll
0x00007ff8f0f70000 - 0x00007ff8f0fad000 	C:\WINDOWS\SYSTEM32\IPHLPAPI.DLL
0x00007ff8d9cb0000 - 0x00007ff8d9cba000 	C:\Windows\System32\rasadhlp.dll
0x00007ff8da6a0000 - 0x00007ff8da719000 	C:\WINDOWS\System32\fwpuclnt.dll
0x00007ff8f1a60000 - 0x00007ff8f1a86000 	C:\WINDOWS\System32\bcrypt.dll
0x00007ff8d3a80000 - 0x00007ff8d3a89000 	C:\Users\Лиза\.jdks\openjdk-18.0.2\bin\management.dll
0x00007ff8ca9f0000 - 0x00007ff8ca9fb000 	C:\Users\Лиза\.jdks\openjdk-18.0.2\bin\management_ext.dll
0x00007ff8f0dd0000 - 0x00007ff8f0e03000 	C:\WINDOWS\system32\rsaenh.dll
0x00007ff8f18c0000 - 0x00007ff8f18e8000 	C:\WINDOWS\SYSTEM32\USERENV.dll
0x00007ff8f13e0000 - 0x00007ff8f13ec000 	C:\WINDOWS\SYSTEM32\CRYPTBASE.dll
0x00007ff8ec6c0000 - 0x00007ff8ec6d6000 	C:\WINDOWS\SYSTEM32\dhcpcsvc6.DLL
0x00007ff8ec530000 - 0x00007ff8ec54c000 	C:\WINDOWS\SYSTEM32\dhcpcsvc.DLL
0x00007ff8d2da0000 - 0x00007ff8d2db6000 	C:\WINDOWS\system32\napinsp.dll
0x00007ff8d2d80000 - 0x00007ff8d2d9a000 	C:\WINDOWS\system32\pnrpnsp.dll
0x00007ff8eef60000 - 0x00007ff8eef7b000 	C:\WINDOWS\system32\NLAapi.dll
0x00007ff8ead00000 - 0x00007ff8ead15000 	C:\WINDOWS\system32\wshbth.dll
0x00007ff8d1eb0000 - 0x00007ff8d1ebe000 	C:\WINDOWS\System32\winrnr.dll
0x00007ff8d4410000 - 0x00007ff8d4420000 	C:\Users\Лиза\.jdks\openjdk-18.0.2\bin\verify.dll
0x00007ff8c54e0000 - 0x00007ff8c54ee000 	C:\Users\Лиза\.jdks\openjdk-18.0.2\bin\sunmscapi.dll
0x00007ff8f1a90000 - 0x00007ff8f1c6b000 	C:\WINDOWS\System32\CRYPT32.dll
0x00007ff8f1a40000 - 0x00007ff8f1a52000 	C:\WINDOWS\System32\MSASN1.dll
0x00007ff8f14e0000 - 0x00007ff8f1506000 	C:\WINDOWS\SYSTEM32\ncrypt.dll
0x00007ff8f14a0000 - 0x00007ff8f14dc000 	C:\WINDOWS\SYSTEM32\NTASN1.dll

dbghelp: loaded successfully - version: 4.0.5 - missing functions: none
symbol engine: initialized successfully - sym options: 0x614 - pdb path: .;C:\Users\Лиза\.jdks\openjdk-18.0.2\bin;C:\WINDOWS\SYSTEM32;C:\WINDOWS\WinSxS\amd64_microsoft.windows.common-controls_6595b64144ccf1df_6.0.17763.557_none_05b63f68071e5b9f;C:\Users\Лиза\.jdks\openjdk-18.0.2\bin\server;C:\Program Files\JetBrains\IntelliJ IDEA 2022.2\bin

VM Arguments:
jvm_args: -XX:TieredStopAtLevel=1 -Dspring.output.ansi.enabled=always -Dcom.sun.management.jmxremote -Dspring.jmx.enabled=true -Dspring.liveBeansView.mbeanDomain -Dspring.application.admin.enabled=true -javaagent:C:\Program Files\JetBrains\IntelliJ IDEA 2022.2\lib\idea_rt.jar=63956:C:\Program Files\JetBrains\IntelliJ IDEA 2022.2\bin -Dfile.encoding=UTF-8 
java_command: pl.watiaty.testeng.TestengApplication
java_class_path (initial): D:\java\testeng\target\classes;C:\Users\Лиза\.m2\repository\org\springframework\boot\spring-boot-starter-data-jpa\2.7.2\spring-boot-starter-data-jpa-2.7.2.jar;C:\Users\Лиза\.m2\repository\org\springframework\boot\spring-boot-starter-aop\2.7.2\spring-boot-starter-aop-2.7.2.jar;C:\Users\Лиза\.m2\repository\org\aspectj\aspectjweaver\1.9.7\aspectjweaver-1.9.7.jar;C:\Users\Лиза\.m2\repository\org\springframework\boot\spring-boot-starter-jdbc\2.7.2\spring-boot-starter-jdbc-2.7.2.jar;C:\Users\Лиза\.m2\repository\com\zaxxer\HikariCP\4.0.3\HikariCP-4.0.3.jar;C:\Users\Лиза\.m2\repository\org\springframework\spring-jdbc\5.3.22\spring-jdbc-5.3.22.jar;C:\Users\Лиза\.m2\repository\jakarta\transaction\jakarta.transaction-api\1.3.3\jakarta.transaction-api-1.3.3.jar;C:\Users\Лиза\.m2\repository\jakarta\persistence\jakarta.persistence-api\2.2.3\jakarta.persistence-api-2.2.3.jar;C:\Users\Лиза\.m2\repository\org\hibernate\hibernate-core\5.6.10.Final\hibernate-core-5.6.10.Final.jar;C:\Users\Лиза\.m2\repository\org\jboss\logging\jboss-logging\3.4.3.Final\jboss-logging-3.4.3.Final.jar;C:\Users\Лиза\.m2\repository\net\bytebuddy\byte-buddy\1.12.12\byte-buddy-1.12.12.jar;C:\Users\Лиза\.m2\repository\antlr\antlr\2.7.7\antlr-2.7.7.jar;C:\Users\Лиза\.m2\repository\org\jboss\jandex\2.4.2.Final\jandex-2.4.2.Final.jar;C:\Users\Лиза\.m2\repository\com\fasterxml\classmate\1.5.1\classmate-1.5.1.jar;C:\Users\Лиза\.m2\repository\org\hibernate\common\hibernate-commons-annotations\5.1.2.Final\hibernate-commons-annotations-5.1.2.Final.jar;C:\Users\Лиза\.m2\repository\org\glassfish\jaxb\jaxb-runtime\2.3.6\jaxb-runtime-2.3.6.jar;C:\Users\Лиза\.m2\repository\org\glassfish\jaxb\txw2\2.3.6\txw2-2.3.6.jar;C:\Users\Лиза\.m2\repository\com\sun\istack\istack-commons-runtime\3.0.12\istack-commons-runtime-3.0.12.jar;C:\Users\Лиза\.m2\repository\com\sun\activation\jakarta.activation\1.2.2\jakarta.activation-1.2.2.jar;C:\Users\Лиза\.m2\repository\org\springframework\data\spring-data-jpa\2.7.2\spring-data-jpa-2.7.2.jar;C:\Users\Лиза\.m2\repository\org\springframework\data\spring-data-commons\2.7.2\spring-data-commons-2.7.2.jar;C:\Users\Лиза\.m2\repository\org\springframework\spring-orm\5.3.22\spring-orm-5.3.22.jar;C:\Users\Лиза\.m2\repository\org\springframework\spring-context\5.3.22\spring-context-5.3.22.jar;C:\Users\Лиза\.m2\repository\org\springframework\spring-tx\5.3.22\spring-tx-5.3.22.jar;C:\Users\Лиза\.m2\repository\org\springframework\spring-beans\5.3.22\spring-beans-5.3.22.jar;C:\Users\Лиза\.m2\repository\org\springframework\spring-aspects\5.3.22\spring-aspects-5.3.22.jar;C:\Users\Лиза\.m2\repository\org\springframework\boot\spring-boot-starter-data-rest\2.7.2\spring-boot-starter-data-rest-2.7.2.jar;C:\Users\Лиза\.m2\repository\org\springframework\data\spring-data-rest-webmvc\3.7.2\spring-data-rest-webmvc-3.7.2.jar;C:\Users\Лиза\.m2\repository\org\springframework\data\spring-data-rest-core\3.7.2\spring-data-rest-core-3.7.2.jar;C:\Users\Лиза\.m2\repository\org\springframework\hateoas\spring-hateoas\1.5.1\spring-hateoas-1.5.1.jar;C:\Users\Лиза\.m2\repository\org\springframework\plugin\spring-plugin-core\2.0.0.RELEASE\spring-plugin-core-2.0.0.RELEASE.jar;C:\Users\Лиза\.m2\repository\org\atteo\evo-inflector\1.3\evo-inflector-1.3.jar;C:\Users\Лиза\.m2\repository\com\fasterxml\jackson\core\jackson-databind\2.13.3\jackson-databind-2.13.3.jar;C:\Users\Лиза\.m2\repository\com\fasterxml\jackson\core\jackson-core\2.13.3\jackson-core-2.13.3.jar;C:\Users\Лиза\.m2\repository\com\fasterxml\jackson\core\jackson-annotations\2.13.3\jackson-annotations-2.13.3.jar;C:\Users\Лиза\.m2\repository\org\springframework\boot\spring-boot-starter-security\2.7.2\spring-boot-starter-security-2.7.2.jar;C:\Users\Лиза\.m2\repository\org\springframework\boot\spring-boot-starter\2.7.2\spring-boot-starter-2.7.2.jar;C:\Users\Лиза\.m2\repository\org\springframework\boot\spring-boot\2.7.2\spring-boot-2.7.2.jar;C:\Users\Лиза\.m2\repository\org\springframework\boot\spring-boot-autoconfigure\2.7.2\spring-boot-autoconfigure-2.7.2.jar;C:\Users\Лиза\.m2\repository\org\springframework\boot\spring-boot-starter-logging\2.7.2\spring-boot-starter-logging-2.7.2.jar;C:\Users\Лиза\.m2\repository\ch\qos\logback\logback-classic\1.2.11\logback-classic-1.2.11.jar;C:\Users\Лиза\.m2\repository\ch\qos\logback\logback-core\1.2.11\logback-core-1.2.11.jar;C:\Users\Лиза\.m2\repository\org\apache\logging\log4j\log4j-to-slf4j\2.17.2\log4j-to-slf4j-2.17.2.jar;C:\Users\Лиза\.m2\repository\org\apache\logging\log4j\log4j-api\2.17.2\log4j-api-2.17.2.jar;C:\Users\Лиза\.m2\repository\org\slf4j\jul-to-slf4j\1.7.36\jul-to-slf4j-1.7.36.jar;C:\Users\Лиза\.m2\repository\jakarta\annotation\jakarta.annotation-api\1.3.5\jakarta.annotation-api-1.3.5.jar;C:\Users\Лиза\.m2\repository\org\yaml\snakeyaml\1.30\snakeyaml-1.30.jar;C:\Users\Лиза\.m2\repository\org\springframework\spring-aop\5.3.22\spring-aop-5.3.22.jar;C:\Users\Лиза\.m2\repository\org\springframework\security\spring-security-config\5.7.2\spring-security-config-5.7.2.jar;C:\Users\Лиза\.m2\repository\org\springframework\security\spring-security-web\5.7.2\spring-security-web-5.7.2.jar;C:\Users\Лиза\.m2\repository\org\springframework\spring-expression\5.3.22\spring-expression-5.3.22.jar;C:\Users\Лиза\.m2\repository\org\springframework\boot\spring-boot-starter-thymeleaf\2.7.2\spring-boot-starter-thymeleaf-2.7.2.jar;C:\Users\Лиза\.m2\repository\org\thymeleaf\extras\thymeleaf-extras-java8time\3.0.4.RELEASE\thymeleaf-extras-java8time-3.0.4.RELEASE.jar;C:\Users\Лиза\.m2\repository\org\springframework\boot\spring-boot-starter-web\2.7.2\spring-boot-starter-web-2.7.2.jar;C:\Users\Лиза\.m2\repository\org\springframework\boot\spring-boot-starter-json\2.7.2\spring-boot-starter-json-2.7.2.jar;C:\Users\Лиза\.m2\repository\com\fasterxml\jackson\datatype\jackson-datatype-jdk8\2.13.3\jackson-datatype-jdk8-2.13.3.jar;C:\Users\Лиза\.m2\repository\com\fasterxml\jackson\datatype\jackson-datatype-jsr310\2.13.3\jackson-datatype-jsr310-2.13.3.jar;C:\Users\Лиза\.m2\repository\com\fasterxml\jackson\module\jackson-module-parameter-names\2.13.3\jackson-module-parameter-names-2.13.3.jar;C:\Users\Лиза\.m2\repository\org\springframework\boot\spring-boot-starter-tomcat\2.7.2\spring-boot-starter-tomcat-2.7.2.jar;C:\Users\Лиза\.m2\repository\org\apache\tomcat\embed\tomcat-embed-core\9.0.65\tomcat-embed-core-9.0.65.jar;C:\Users\Лиза\.m2\repository\org\apache\tomcat\embed\tomcat-embed-el\9.0.65\tomcat-embed-el-9.0.65.jar;C:\Users\Лиза\.m2\repository\org\apache\tomcat\embed\tomcat-embed-websocket\9.0.65\tomcat-embed-websocket-9.0.65.jar;C:\Users\Лиза\.m2\repository\org\springframework\spring-web\5.3.22\spring-web-5.3.22.jar;C:\Users\Лиза\.m2\repository\org\springframework\spring-webmvc\5.3.22\spring-webmvc-5.3.22.jar;C:\Users\Лиза\.m2\repository\org\springframework\session\spring-session-core\2.7.0\spring-session-core-2.7.0.jar;C:\Users\Лиза\.m2\repository\org\springframework\spring-jcl\5.3.22\spring-jcl-5.3.22.jar;C:\Users\Лиза\.m2\repository\org\thymeleaf\extras\thymeleaf-extras-springsecurity5\3.0.4.RELEASE\thymeleaf-extras-springsecurity5-3.0.4.RELEASE.jar;C:\Users\Лиза\.m2\repository\org\slf4j\slf4j-api\1.7.36\slf4j-api-1.7.36.jar;C:\Users\Лиза\.m2\repository\org\projectlombok\lombok\1.18.24\lombok-1.18.24.jar;C:\Users\Лиза\.m2\repository\com\jayway\jsonpath\json-path\2.7.0\json-path-2.7.0.jar;C:\Users\Лиза\.m2\repository\net\minidev\json-smart\2.4.8\json-smart-2.4.8.jar;C:\Users\Лиза\.m2\repository\net\minidev\accessors-smart\2.4.8\accessors-smart-2.4.8.jar;C:\Users\Лиза\.m2\repository\org\ow2\asm\asm\9.1\asm-9.1.jar;C:\Users\Лиза\.m2\repository\jakarta\xml\bind\jakarta.xml.bind-api\2.3.3\jakarta.xml.bind-api-2.3.3.jar;C:\Users\Лиза\.m2\repository\jakarta\activation\jakarta.activation-api\1.2.2\jakarta.activation-api-1.2.2.jar;C:\Users\Лиза\.m2\repository\org\springframework\spring-core\5.3.22\spring-core-5.3.22.jar;C:\Users\Лиза\.m2\repository\org\springframework\security\spring-security-core\5.7.2\spring-security-core-5.7.2.jar;C:\Users\Лиза\.m2\repository\org\springframework\security\spring-security-crypto\5.7.2\spring-security-crypto-5.7.2.jar;C:\Users\Лиза\.m2\repository\mysql\mysql-connector-java\8.0.29\mysql-connector-java-8.0.29.jar;C:\Users\Лиза\.m2\repository\javax\xml\bind\jaxb-api\2.3.1\jaxb-api-2.3.1.jar;C:\Users\Лиза\.m2\repository\javax\activation\javax.activation-api\1.2.0\javax.activation-api-1.2.0.jar;C:\Users\Лиза\.m2\repository\org\thymeleaf\thymeleaf\3.0.15.RELEASE\thymeleaf-3.0.15.RELEASE.jar;C:\Users\Лиза\.m2\repository\ognl\ognl\3.1.26\ognl-3.1.26.jar;C:\Users\Лиза\.m2\repository\org\javassist\javassist\3.20.0-GA\javassist-3.20.0-GA.jar;C:\Users\Лиза\.m2\repository\org\attoparser\attoparser\2.0.5.RELEASE\attoparser-2.0.5.RELEASE.jar;C:\Users\Лиза\.m2\repository\org\unbescape\unbescape\1.1.6.RELEASE\unbescape-1.1.6.RELEASE.jar;C:\Users\Лиза\.m2\repository\org\thymeleaf\thymeleaf-spring5\3.0.15.RELEASE\thymeleaf-spring5-3.0.15.RELEASE.jar
Launcher Type: SUN_STANDARD

[Global flags]
     intx CICompilerCount                          = 4                                         {product} {ergonomic}
     uint ConcGCThreads                            = 2                                         {product} {ergonomic}
     uint G1ConcRefinementThreads                  = 8                                         {product} {ergonomic}
   size_t G1HeapRegionSize                         = 1048576                                   {product} {ergonomic}
    uintx GCDrainStackTargetSize                   = 64                                        {product} {ergonomic}
   size_t InitialHeapSize                          = 134217728                                 {product} {ergonomic}
     bool ManagementServer                         = true                                      {product} {command line}
   size_t MarkStackSize                            = 4194304                                   {product} {ergonomic}
   size_t MaxHeapSize                              = 2118123520                                {product} {ergonomic}
   size_t MaxNewSize                               = 1270874112                                {product} {ergonomic}
   size_t MinHeapDeltaBytes                        = 1048576                                   {product} {ergonomic}
   size_t MinHeapSize                              = 8388608                                   {product} {ergonomic}
    uintx NonProfiledCodeHeapSize                  = 0                                      {pd product} {ergonomic}
     bool ProfileInterpreter                       = false                                  {pd product} {command line}
    uintx ProfiledCodeHeapSize                     = 0                                      {pd product} {ergonomic}
   size_t SoftMaxHeapSize                          = 2118123520                             {manageable} {ergonomic}
     intx TieredStopAtLevel                        = 1                                         {product} {command line}
     bool UseCompressedClassPointers               = true                           {product lp64_product} {ergonomic}
     bool UseCompressedOops                        = true                           {product lp64_product} {ergonomic}
     bool UseG1GC                                  = true                                      {product} {ergonomic}
     bool UseLargePagesIndividualAllocation        = false                                  {pd product} {ergonomic}

Logging:
Log output configuration:
 #0: stdout all=warning uptime,level,tags foldmultilines=false
 #1: stderr all=off uptime,level,tags foldmultilines=false

Environment Variables:
PATH=C:\WINDOWS\system32;C:\WINDOWS;C:\WINDOWS\System32\Wbem;C:\WINDOWS\System32\WindowsPowerShell\v1.0\;C:\WINDOWS\System32\OpenSSH\;C:\Program Files\Git\cmd;C:\Program Files\MySQL\MySQL Shell 8.0\bin\;C:\Users\Лиза\AppData\Local\Microsoft\WindowsApps;;C:\Program Files\JetBrains\IntelliJ IDEA 2022.2\bin;
USERNAME=Лиза
OS=Windows_NT
PROCESSOR_IDENTIFIER=Intel64 Family 6 Model 142 Stepping 12, GenuineIntel



---------------  S Y S T E M  ---------------

OS:
 Windows 10 , 64 bit Build 17763 (10.0.17763.475)
OS uptime: 9 days 0:11 hours

CPU: total 8 (initial active 8) (4 cores per cpu, 2 threads per core) family 6 model 142 stepping 12 microcode 0xb8, cx8, cmov, fxsr, ht, mmx, 3dnowpref, sse, sse2, sse3, ssse3, sse4.1, sse4.2, popcnt, lzcnt, tsc, tscinvbit, avx, avx2, aes, erms, clmul, bmi1, bmi2, adx, fma, vzeroupper, clflush, clflushopt

Memory: 4k page, system-wide physical 8078M (1231M free)
TotalPageFile size 10126M (AvailPageFile size 7M)
current process WorkingSet (physical memory assigned to process): 180M, peak: 180M
current process commit charge ("private bytes"): 271M, peak: 290M

vm_info: OpenJDK 64-Bit Server VM (18.0.2+9-61) for windows-amd64 JRE (18.0.2+9-61), built on Jun  7 2022 13:05:59 by "mach5one" with MS VC++ 16.8 / 16.9 (VS2019)

END.
