#
# There is insufficient memory for the Java Runtime Environment to continue.
# Native memory allocation (mmap) failed to map 58720256 bytes for G1 virtual space
# Possible reasons:
#   The system is out of physical RAM or swap space
#   The process is running with CompressedOops enabled, and the Java Heap may be blocking the growth of the native heap
# Possible solutions:
#   Reduce memory load on the system
#   Increase physical memory or swap space
#   Check if swap backing store is full
#   Decrease Java heap size (-Xmx/-Xms)
#   Decrease number of Java threads
#   Decrease Java thread stack sizes (-Xss)
#   Set larger code cache with -XX:ReservedCodeCacheSize=
#   JVM is running with Unscaled Compressed Oops mode in which the Java heap is
#     placed in the first 4GB address space. The Java Heap base address is the
#     maximum limit for the native heap growth. Please use -XX:HeapBaseMinAddress
#     to set the Java Heap base and to place the Java Heap above 4GB virtual address.
# This output file may be truncated or incomplete.
#
#  Out of Memory Error (os_windows.cpp:3530), pid=11220, tid=10756
#
# JRE version: OpenJDK Runtime Environment (18.0.2+9) (build 18.0.2+9-61)
# Java VM: OpenJDK 64-Bit Server VM (18.0.2+9-61, mixed mode, emulated-client, sharing, tiered, compressed oops, compressed class ptrs, g1 gc, windows-amd64)
# No core dump will be written. Minidumps are not enabled by default on client versions of Windows
#

---------------  S U M M A R Y ------------

Command Line: -XX:TieredStopAtLevel=1 -Dspring.output.ansi.enabled=always -Dcom.sun.management.jmxremote -Dspring.jmx.enabled=true -Dspring.liveBeansView.mbeanDomain -Dspring.application.admin.enabled=true -javaagent:C:\Program Files\JetBrains\IntelliJ IDEA 2022.2\lib\idea_rt.jar=63993:C:\Program Files\JetBrains\IntelliJ IDEA 2022.2\bin -Dfile.encoding=UTF-8 pl.watiaty.testeng.TestengApplication

Host: Intel(R) Core(TM) i5-8265U CPU @ 1.60GHz, 8 cores, 7G,  Windows 10 , 64 bit Build 17763 (10.0.17763.475)
Time: Mon Oct  3 20:28:31 2022 Финляндия (лето) elapsed time: 3.607669 seconds (0d 0h 0m 3s)

---------------  T H R E A D  ---------------

Current thread (0x000001da554d1c20):  VMThread "VM Thread" [stack: 0x000000b008300000,0x000000b008400000] [id=10756]

Stack: [0x000000b008300000,0x000000b008400000]
Native frames: (J=compiled Java code, j=interpreted, Vv=VM code, C=native code)
V  [jvm.dll+0x6993ca]
V  [jvm.dll+0x7f481d]
V  [jvm.dll+0x7f612e]
V  [jvm.dll+0x7f67e3]
V  [jvm.dll+0x25cdaf]
V  [jvm.dll+0x696319]
V  [jvm.dll+0x68ae4a]
V  [jvm.dll+0x3223eb]
V  [jvm.dll+0x329dc6]
V  [jvm.dll+0x37eade]
V  [jvm.dll+0x37ed0f]
V  [jvm.dll+0x2fa16a]
V  [jvm.dll+0x2fa217]
V  [jvm.dll+0x33e752]
V  [jvm.dll+0x33ccf4]
V  [jvm.dll+0x2f9940]
V  [jvm.dll+0x33c2cb]
V  [jvm.dll+0x7fb5cb]
V  [jvm.dll+0x7fc364]
V  [jvm.dll+0x7fc89c]
V  [jvm.dll+0x7fccf4]
V  [jvm.dll+0x7fcdb7]
V  [jvm.dll+0x7a125a]
V  [jvm.dll+0x698275]
C  [ucrtbase.dll+0x21ffa]
C  [KERNEL32.DLL+0x17974]
C  [ntdll.dll+0x6a271]

VM_Operation (0x000000b007dfc220): G1CollectForAllocation, mode: safepoint, requested by thread 0x000001da55453fd0


---------------  P R O C E S S  ---------------

Threads class SMR info:
_java_thread_list=0x000001da76f49ab0, length=24, elements={
0x000001da55453fd0, 0x000001da693f2500, 0x000001da693f3c30, 0x000001da69406c90,
0x000001da69407800, 0x000001da6940a080, 0x000001da6940a930, 0x000001da6941cf30,
0x000001da69420d20, 0x000001da693de7e0, 0x000001da6d86fbe0, 0x000001da6dbfe8c0,
0x000001da6dd18ba0, 0x000001da6de338a0, 0x000001da6d86e290, 0x000001da6d86c940,
0x000001da76410b60, 0x000001da76401860, 0x000001da766eaa30, 0x000001da766e7ee0,
0x000001da766e7540, 0x000001da766e96f0, 0x000001da766ea560, 0x000001da766e7a10
}

Java Threads: ( => current thread )
  0x000001da55453fd0 JavaThread "main" [_thread_blocked, id=10748, stack(0x000000b007d00000,0x000000b007e00000)]
  0x000001da693f2500 JavaThread "Reference Handler" daemon [_thread_blocked, id=15292, stack(0x000000b008400000,0x000000b008500000)]
  0x000001da693f3c30 JavaThread "Finalizer" daemon [_thread_blocked, id=3528, stack(0x000000b008500000,0x000000b008600000)]
  0x000001da69406c90 JavaThread "Signal Dispatcher" daemon [_thread_blocked, id=1440, stack(0x000000b008600000,0x000000b008700000)]
  0x000001da69407800 JavaThread "Attach Listener" daemon [_thread_blocked, id=10360, stack(0x000000b008700000,0x000000b008800000)]
  0x000001da6940a080 JavaThread "Service Thread" daemon [_thread_blocked, id=13964, stack(0x000000b008800000,0x000000b008900000)]
  0x000001da6940a930 JavaThread "Monitor Deflation Thread" daemon [_thread_blocked, id=2168, stack(0x000000b008900000,0x000000b008a00000)]
  0x000001da6941cf30 JavaThread "C1 CompilerThread0" daemon [_thread_blocked, id=10816, stack(0x000000b008a00000,0x000000b008b00000)]
  0x000001da69420d20 JavaThread "Sweeper thread" daemon [_thread_blocked, id=7180, stack(0x000000b008b00000,0x000000b008c00000)]
  0x000001da693de7e0 JavaThread "Common-Cleaner" daemon [_thread_blocked, id=5560, stack(0x000000b008c00000,0x000000b008d00000)]
  0x000001da6d86fbe0 JavaThread "C1 CompilerThread1" daemon [_thread_blocked, id=8288, stack(0x000000b008d00000,0x000000b008e00000)]
  0x000001da6dbfe8c0 JavaThread "Monitor Ctrl-Break" daemon [_thread_in_native, id=14984, stack(0x000000b008e00000,0x000000b008f00000)]
  0x000001da6dd18ba0 JavaThread "Notification Thread" daemon [_thread_blocked, id=3740, stack(0x000000b008f00000,0x000000b009000000)]
  0x000001da6de338a0 JavaThread "RMI TCP Accept-0" daemon [_thread_in_native, id=9068, stack(0x000000b009000000,0x000000b009100000)]
  0x000001da6d86e290 JavaThread "C1 CompilerThread2" daemon [_thread_blocked, id=8688, stack(0x000000b009200000,0x000000b009300000)]
  0x000001da6d86c940 JavaThread "C1 CompilerThread3" daemon [_thread_blocked, id=5968, stack(0x000000b009300000,0x000000b009400000)]
  0x000001da76410b60 JavaThread "RMI TCP Connection(1)-192.168.43.147" daemon [_thread_in_native, id=11180, stack(0x000000b009d00000,0x000000b009e00000)]
  0x000001da76401860 JavaThread "RMI Scheduler(0)" daemon [_thread_blocked, id=15116, stack(0x000000b009e00000,0x000000b009f00000)]
  0x000001da766eaa30 JavaThread "Catalina-utility-1" [_thread_blocked, id=5032, stack(0x000000b00a000000,0x000000b00a100000)]
  0x000001da766e7ee0 JavaThread "Catalina-utility-2" [_thread_blocked, id=14832, stack(0x000000b00a100000,0x000000b00a200000)]
  0x000001da766e7540 JavaThread "container-0" [_thread_blocked, id=14140, stack(0x000000b00a200000,0x000000b00a300000)]
  0x000001da766e96f0 JavaThread "mysql-cj-abandoned-connection-cleanup" daemon [_thread_blocked, id=5464, stack(0x000000b00a300000,0x000000b00a400000)]
  0x000001da766ea560 JavaThread "HikariPool-1 housekeeper" daemon [_thread_blocked, id=5592, stack(0x000000b00a500000,0x000000b00a600000)]
  0x000001da766e7a10 JavaThread "HikariPool-1 connection adder" daemon [_thread_blocked, id=8272, stack(0x000000b00a600000,0x000000b00a700000)]

Other Threads:
=>0x000001da554d1c20 VMThread "VM Thread" [stack: 0x000000b008300000,0x000000b008400000] [id=10756]
  0x000001da6de34550 WatcherThread "VM Periodic Task Thread" [stack: 0x000000b009100000,0x000000b009200000] [id=13144]
  0x000001da554b62d0 WorkerThread "GC Thread#0" [stack: 0x000000b007e00000,0x000000b007f00000] [id=13276]
  0x000001da6e2b2040 WorkerThread "GC Thread#1" [stack: 0x000000b009400000,0x000000b009500000] [id=7896]
  0x000001da6e2b22e0 WorkerThread "GC Thread#2" [stack: 0x000000b009500000,0x000000b009600000] [id=12448]
  0x000001da6e2d78b0 WorkerThread "GC Thread#3" [stack: 0x000000b009600000,0x000000b009700000] [id=15104]
  0x000001da6e3279c0 WorkerThread "GC Thread#4" [stack: 0x000000b009700000,0x000000b009800000] [id=8384]
  0x000001da6e329c70 WorkerThread "GC Thread#5" [stack: 0x000000b009800000,0x000000b009900000] [id=9372]
  0x000001da6e32ab40 WorkerThread "GC Thread#6" [stack: 0x000000b009900000,0x000000b009a00000] [id=14176]
  0x000001da6e32b400 WorkerThread "GC Thread#7" [stack: 0x000000b009a00000,0x000000b009b00000] [id=10032]
  0x000001da554c7da0 ConcurrentGCThread "G1 Main Marker" [stack: 0x000000b007f00000,0x000000b008000000] [id=9792]
  0x000001da554c86a0 WorkerThread "G1 Conc#0" [stack: 0x000000b008000000,0x000000b008100000] [id=12592]
  0x000001da76574440 WorkerThread "G1 Conc#1" [stack: 0x000000b009f00000,0x000000b00a000000] [id=14540]
  0x000001da554fe600 ConcurrentGCThread "G1 Refine#0" [stack: 0x000000b008100000,0x000000b008200000] [id=1980]
  0x000001da6e2b2980 ConcurrentGCThread "G1 Refine#1" [stack: 0x000000b009b00000,0x000000b009c00000] [id=4060]
  0x000001da6e2b2c50 ConcurrentGCThread "G1 Refine#2" [stack: 0x000000b009c00000,0x000000b009d00000] [id=6388]
  0x000001da692ac550 ConcurrentGCThread "G1 Service" [stack: 0x000000b008200000,0x000000b008300000] [id=6828]

Threads with active compile tasks:

VM state: at safepoint (normal execution)

VM Mutex/Monitor currently owned by a thread:  ([mutex/lock_event])
[0x000001da5544fd90] Threads_lock - owner thread: 0x000001da554d1c20
[0x000001da55450a80] Heap_lock - owner thread: 0x000001da55453fd0

Heap address: 0x0000000081c00000, size: 2020 MB, Compressed Oops mode: 32-bit

CDS archive(s) mapped at: [0x0000000800000000-0x0000000800ba0000-0x0000000800ba0000), size 12189696, SharedBaseAddress: 0x0000000800000000, ArchiveRelocationMode: 0.
Compressed class space mapped at: 0x0000000800c00000-0x0000000840c00000, reserved size: 1073741824
Narrow klass base: 0x0000000800000000, Narrow klass shift: 0, Narrow klass range: 0x100000000

GC Precious Log:
 CardTable entry size: 512
 Card Set container configuration: InlinePtr #cards 5 size 8 Array Of Cards #cards 12 size 40 Howl #buckets 4 coarsen threshold 1843 Howl Bitmap #cards 512 size 80 coarsen threshold 460 Card regions per heap region 1 cards per card region 2048
 CPUs: 8 total, 8 available
 Memory: 8078M
 Large Page Support: Disabled
 NUMA Support: Disabled
 Compressed Oops: Enabled (32-bit)
 Heap Region Size: 1M
 Heap Min Capacity: 8M
 Heap Initial Capacity: 128M
 Heap Max Capacity: 2020M
 Pre-touch: Disabled
 Parallel Workers: 8
 Concurrent Workers: 2
 Concurrent Refinement Workers: 8
 Periodic GC: Disabled

Heap:
 garbage-first heap   total 75776K, used 29952K [0x0000000081c00000, 0x0000000100000000)
  region size 1024K, 2 young (2048K), 2 survivors (2048K)
 Metaspace       used 54441K, committed 54976K, reserved 1114112K
  class space    used 7596K, committed 7872K, reserved 1048576K

Heap Regions: E=young(eden), S=young(survivor), O=old, HS=humongous(starts), HC=humongous(continues), CS=collection set, F=free, OA=open archive, CA=closed archive, TAMS=top-at-mark-start (previous, next)
|   0|0x0000000081c00000, 0x0000000081d00000, 0x0000000081d00000|100%|HS|  |TAMS 0x0000000081d00000, 0x0000000081c00000| Complete 
|   1|0x0000000081d00000, 0x0000000081e00000, 0x0000000081e00000|100%| O|  |TAMS 0x0000000081e00000, 0x0000000081d00000| Untracked 
|   2|0x0000000081e00000, 0x0000000081f00000, 0x0000000081f00000|100%| O|  |TAMS 0x0000000081f00000, 0x0000000081e00000| Untracked 
|   3|0x0000000081f00000, 0x0000000082000000, 0x0000000082000000|100%| O|  |TAMS 0x0000000082000000, 0x0000000081f00000| Untracked 
|   4|0x0000000082000000, 0x0000000082100000, 0x0000000082100000|100%| O|  |TAMS 0x0000000082100000, 0x0000000082000000| Untracked 
|   5|0x0000000082100000, 0x0000000082200000, 0x0000000082200000|100%| O|  |TAMS 0x0000000082200000, 0x0000000082100000| Untracked 
|   6|0x0000000082200000, 0x0000000082300000, 0x0000000082300000|100%| O|  |TAMS 0x0000000082300000, 0x0000000082200000| Untracked 
|   7|0x0000000082300000, 0x0000000082400000, 0x0000000082400000|100%| O|  |TAMS 0x0000000082300000, 0x0000000082300000| Untracked 
|   8|0x0000000082400000, 0x0000000082500000, 0x0000000082500000|100%| O|  |TAMS 0x0000000082500000, 0x0000000082400000| Untracked 
|   9|0x0000000082500000, 0x0000000082600000, 0x0000000082600000|100%| O|  |TAMS 0x0000000082600000, 0x0000000082500000| Untracked 
|  10|0x0000000082600000, 0x0000000082700000, 0x0000000082700000|100%| O|  |TAMS 0x0000000082700000, 0x0000000082600000| Untracked 
|  11|0x0000000082700000, 0x0000000082800000, 0x0000000082800000|100%| O|  |TAMS 0x0000000082800000, 0x0000000082700000| Untracked 
|  12|0x0000000082800000, 0x0000000082900000, 0x0000000082900000|100%| O|  |TAMS 0x0000000082900000, 0x0000000082800000| Untracked 
|  13|0x0000000082900000, 0x0000000082a00000, 0x0000000082a00000|100%| O|  |TAMS 0x0000000082a00000, 0x0000000082900000| Untracked 
|  14|0x0000000082a00000, 0x0000000082b00000, 0x0000000082b00000|100%| O|  |TAMS 0x0000000082b00000, 0x0000000082a00000| Untracked 
|  15|0x0000000082b00000, 0x0000000082c00000, 0x0000000082c00000|100%| O|  |TAMS 0x0000000082b8ce00, 0x0000000082b00000| Untracked 
|  16|0x0000000082c00000, 0x0000000082d00000, 0x0000000082d00000|100%| O|  |TAMS 0x0000000082c00000, 0x0000000082c00000| Untracked 
|  17|0x0000000082d00000, 0x0000000082e00000, 0x0000000082e00000|100%| O|  |TAMS 0x0000000082d00000, 0x0000000082d00000| Untracked 
|  18|0x0000000082e00000, 0x0000000082f00000, 0x0000000082f00000|100%| O|  |TAMS 0x0000000082e00000, 0x0000000082e00000| Untracked 
|  19|0x0000000082f00000, 0x0000000083000000, 0x0000000083000000|100%| O|  |TAMS 0x0000000082f00000, 0x0000000082f00000| Untracked 
|  20|0x0000000083000000, 0x0000000083100000, 0x0000000083100000|100%| O|  |TAMS 0x0000000083000000, 0x0000000083000000| Untracked 
|  21|0x0000000083100000, 0x0000000083200000, 0x0000000083200000|100%| O|  |TAMS 0x0000000083100000, 0x0000000083100000| Untracked 
|  22|0x0000000083200000, 0x0000000083300000, 0x0000000083300000|100%| O|  |TAMS 0x0000000083200000, 0x0000000083200000| Untracked 
|  23|0x0000000083300000, 0x0000000083400000, 0x0000000083400000|100%| O|  |TAMS 0x0000000083300000, 0x0000000083300000| Untracked 
|  24|0x0000000083400000, 0x0000000083500000, 0x0000000083500000|100%| O|  |TAMS 0x0000000083400000, 0x0000000083400000| Untracked 
|  25|0x0000000083500000, 0x0000000083574200, 0x0000000083600000| 45%| O|  |TAMS 0x0000000083500000, 0x0000000083500000| Untracked 
|  26|0x0000000083600000, 0x0000000083600000, 0x0000000083700000|  0%| F|  |TAMS 0x0000000083600000, 0x0000000083600000| Untracked 
|  27|0x0000000083700000, 0x0000000083700000, 0x0000000083800000|  0%| F|  |TAMS 0x0000000083700000, 0x0000000083700000| Untracked 
|  28|0x0000000083800000, 0x0000000083800000, 0x0000000083900000|  0%| F|  |TAMS 0x0000000083800000, 0x0000000083800000| Untracked 
|  29|0x0000000083900000, 0x0000000083900000, 0x0000000083a00000|  0%| F|  |TAMS 0x0000000083900000, 0x0000000083900000| Untracked 
|  30|0x0000000083a00000, 0x0000000083a00000, 0x0000000083b00000|  0%| F|  |TAMS 0x0000000083a00000, 0x0000000083a00000| Untracked 
|  31|0x0000000083b00000, 0x0000000083b00000, 0x0000000083c00000|  0%| F|  |TAMS 0x0000000083b00000, 0x0000000083b00000| Untracked 
|  32|0x0000000083c00000, 0x0000000083c00000, 0x0000000083d00000|  0%| F|  |TAMS 0x0000000083c00000, 0x0000000083c00000| Untracked 
|  33|0x0000000083d00000, 0x0000000083d00000, 0x0000000083e00000|  0%| F|  |TAMS 0x0000000083d00000, 0x0000000083d00000| Untracked 
|  34|0x0000000083e00000, 0x0000000083e00000, 0x0000000083f00000|  0%| F|  |TAMS 0x0000000083e00000, 0x0000000083e00000| Untracked 
|  35|0x0000000083f00000, 0x0000000083f00000, 0x0000000084000000|  0%| F|  |TAMS 0x0000000083f00000, 0x0000000083f00000| Untracked 
|  36|0x0000000084000000, 0x0000000084000000, 0x0000000084100000|  0%| F|  |TAMS 0x0000000084000000, 0x0000000084000000| Untracked 
|  37|0x0000000084100000, 0x0000000084100000, 0x0000000084200000|  0%| F|  |TAMS 0x0000000084100000, 0x0000000084100000| Untracked 
|  38|0x0000000084200000, 0x0000000084200000, 0x0000000084300000|  0%| F|  |TAMS 0x0000000084200000, 0x0000000084200000| Untracked 
|  39|0x0000000084300000, 0x0000000084300000, 0x0000000084400000|  0%| F|  |TAMS 0x0000000084300000, 0x0000000084300000| Untracked 
|  40|0x0000000084400000, 0x0000000084400000, 0x0000000084500000|  0%| F|  |TAMS 0x0000000084400000, 0x0000000084400000| Untracked 
|  41|0x0000000084500000, 0x00000000845cbee0, 0x0000000084600000| 79%| S|CS|TAMS 0x0000000084500000, 0x0000000084500000| Complete 
|  42|0x0000000084600000, 0x0000000084700000, 0x0000000084700000|100%| S|CS|TAMS 0x0000000084600000, 0x0000000084600000| Complete 
|  43|0x0000000084700000, 0x0000000084700000, 0x0000000084800000|  0%| F|  |TAMS 0x0000000084700000, 0x0000000084700000| Untracked 
|  44|0x0000000084800000, 0x0000000084800000, 0x0000000084900000|  0%| F|  |TAMS 0x0000000084800000, 0x0000000084800000| Untracked 
|  45|0x0000000084900000, 0x0000000084900000, 0x0000000084a00000|  0%| F|  |TAMS 0x0000000084900000, 0x0000000084900000| Untracked 
|  46|0x0000000084a00000, 0x0000000084a00000, 0x0000000084b00000|  0%| F|  |TAMS 0x0000000084a00000, 0x0000000084a00000| Untracked 
|  47|0x0000000084b00000, 0x0000000084b00000, 0x0000000084c00000|  0%| F|  |TAMS 0x0000000084b00000, 0x0000000084b00000| Untracked 
|  48|0x0000000084c00000, 0x0000000084c00000, 0x0000000084d00000|  0%| F|  |TAMS 0x0000000084c00000, 0x0000000084c00000| Untracked 
|  49|0x0000000084d00000, 0x0000000084d00000, 0x0000000084e00000|  0%| F|  |TAMS 0x0000000084d00000, 0x0000000084d00000| Untracked 
|  50|0x0000000084e00000, 0x0000000084e00000, 0x0000000084f00000|  0%| F|  |TAMS 0x0000000084e00000, 0x0000000084e00000| Untracked 
|  51|0x0000000084f00000, 0x0000000084f00000, 0x0000000085000000|  0%| F|  |TAMS 0x0000000084f00000, 0x0000000084f00000| Untracked 
|  52|0x0000000085000000, 0x0000000085000000, 0x0000000085100000|  0%| F|  |TAMS 0x0000000085000000, 0x0000000085000000| Untracked 
|  53|0x0000000085100000, 0x0000000085100000, 0x0000000085200000|  0%| F|  |TAMS 0x0000000085100000, 0x0000000085100000| Untracked 
|  54|0x0000000085200000, 0x0000000085200000, 0x0000000085300000|  0%| F|  |TAMS 0x0000000085200000, 0x0000000085200000| Untracked 
|  55|0x0000000085300000, 0x0000000085300000, 0x0000000085400000|  0%| F|  |TAMS 0x0000000085300000, 0x0000000085300000| Untracked 
|  56|0x0000000085400000, 0x0000000085400000, 0x0000000085500000|  0%| F|  |TAMS 0x0000000085400000, 0x0000000085400000| Untracked 
|  57|0x0000000085500000, 0x0000000085500000, 0x0000000085600000|  0%| F|  |TAMS 0x0000000085500000, 0x0000000085500000| Untracked 
|  58|0x0000000085600000, 0x0000000085600000, 0x0000000085700000|  0%| F|  |TAMS 0x0000000085600000, 0x0000000085600000| Untracked 
|  59|0x0000000085700000, 0x0000000085700000, 0x0000000085800000|  0%| F|  |TAMS 0x0000000085700000, 0x0000000085700000| Untracked 
|  60|0x0000000085800000, 0x0000000085800000, 0x0000000085900000|  0%| F|  |TAMS 0x0000000085800000, 0x0000000085800000| Untracked 
|  61|0x0000000085900000, 0x0000000085900000, 0x0000000085a00000|  0%| F|  |TAMS 0x0000000085900000, 0x0000000085900000| Untracked 
|  62|0x0000000085a00000, 0x0000000085a00000, 0x0000000085b00000|  0%| F|  |TAMS 0x0000000085a00000, 0x0000000085a00000| Untracked 
|  63|0x0000000085b00000, 0x0000000085b00000, 0x0000000085c00000|  0%| F|  |TAMS 0x0000000085b00000, 0x0000000085b00000| Untracked 
|  64|0x0000000085c00000, 0x0000000085c00000, 0x0000000085d00000|  0%| F|  |TAMS 0x0000000085c00000, 0x0000000085c00000| Untracked 
|  65|0x0000000085d00000, 0x0000000085d00000, 0x0000000085e00000|  0%| F|  |TAMS 0x0000000085d00000, 0x0000000085d00000| Untracked 
|  66|0x0000000085e00000, 0x0000000085e00000, 0x0000000085f00000|  0%| F|  |TAMS 0x0000000085e00000, 0x0000000085e00000| Untracked 
|  67|0x0000000085f00000, 0x0000000085f00000, 0x0000000086000000|  0%| F|  |TAMS 0x0000000085f00000, 0x0000000085f00000| Untracked 
|  68|0x0000000086000000, 0x0000000086000000, 0x0000000086100000|  0%| F|  |TAMS 0x0000000086000000, 0x0000000086000000| Untracked 
|  69|0x0000000086100000, 0x0000000086100000, 0x0000000086200000|  0%| F|  |TAMS 0x0000000086100000, 0x0000000086100000| Untracked 
|  70|0x0000000086200000, 0x0000000086200000, 0x0000000086300000|  0%| F|  |TAMS 0x0000000086200000, 0x0000000086200000| Untracked 
| 127|0x0000000089b00000, 0x0000000089b00000, 0x0000000089c00000|  0%| F|  |TAMS 0x0000000089b00000, 0x0000000089b00000| Untracked 
|2018|0x00000000ffe00000, 0x00000000fff00000, 0x00000000fff00000|100%| O|  |TAMS 0x00000000fff00000, 0x00000000ffe00000| Untracked 
|2019|0x00000000fff00000, 0x0000000100000000, 0x0000000100000000|100%| O|  |TAMS 0x0000000100000000, 0x00000000fff00000| Untracked 

Card table byte_map: [0x000001da62260000,0x000001da62660000] _byte_map_base: 0x000001da61e52000

Marking Bits (Prev, Next): (CMBitMap*) 0x000001da554b77f0, (CMBitMap*) 0x000001da554b7830
 Prev Bits: [0x000001da62a60000, 0x000001da649f0000)
 Next Bits: [0x000001da649f0000, 0x000001da66980000)

Polling page: 0x000001da55500000

Metaspace:

Usage:
  Non-class:     45.75 MB used.
      Class:      7.42 MB used.
       Both:     53.17 MB used.

Virtual space:
  Non-class space:       64.00 MB reserved,      46.00 MB ( 72%) committed,  1 nodes.
      Class space:        1.00 GB reserved,       7.69 MB ( <1%) committed,  1 nodes.
             Both:        1.06 GB reserved,      53.69 MB (  5%) committed. 

Chunk freelists:
   Non-Class:  1.88 MB
       Class:  304.00 KB
        Both:  2.17 MB

MaxMetaspaceSize: unlimited
CompressedClassSpaceSize: 1.00 GB
Initial GC threshold: 21.00 MB
Current GC threshold: 59.31 MB
CDS: on
MetaspaceReclaimPolicy: balanced
 - commit_granule_bytes: 65536.
 - commit_granule_words: 8192.
 - virtual_space_node_default_size: 8388608.
 - enlarge_chunks_in_place: 1.
 - new_chunks_are_fully_committed: 0.
 - uncommit_free_chunks: 1.
 - use_allocation_guard: 0.


Internal statistics:

num_allocs_failed_limit: 6.
num_arena_births: 622.
num_arena_deaths: 0.
num_vsnodes_births: 2.
num_vsnodes_deaths: 0.
num_space_committed: 859.
num_space_uncommitted: 0.
num_chunks_returned_to_freelist: 6.
num_chunks_taken_from_freelist: 2385.
num_chunk_merges: 6.
num_chunk_splits: 1757.
num_chunks_enlarged: 1429.
num_inconsistent_stats: 0.

CodeCache: size=49152Kb used=11805Kb max_used=11805Kb free=37346Kb
 bounds [0x000001da5e570000, 0x000001da5f100000, 0x000001da61570000]
 total_blobs=6096 nmethods=5457 adapters=563
 compilation: enabled
              stopped_count=0, restarted_count=0
 full_count=0

Compilation events (20 events):
Event: 3.563 Thread 0x000001da6941cf30 5448       1       java.util.ArrayList::isClear (21 bytes)
Event: 3.563 Thread 0x000001da6941cf30 nmethod 5448 0x000001da5f0f3a10 code [0x000001da5f0f3ba0, 0x000001da5f0f3cb8]
Event: 3.564 Thread 0x000001da6941cf30 5449       1       java.lang.ThreadLocal$ThreadLocalMap::remove (68 bytes)
Event: 3.564 Thread 0x000001da6d86fbe0 5450       1       java.lang.ThreadLocal$ThreadLocalMap::expungeStaleEntry (146 bytes)
Event: 3.564 Thread 0x000001da6d86c940 5451       1       org.springframework.beans.BeanWrapperImpl::getCachedIntrospectionResults (23 bytes)
Event: 3.564 Thread 0x000001da6d86c940 nmethod 5451 0x000001da5f0f3d90 code [0x000001da5f0f3f40, 0x000001da5f0f4178]
Event: 3.564 Thread 0x000001da6941cf30 nmethod 5449 0x000001da5f0f4290 code [0x000001da5f0f4460, 0x000001da5f0f4688]
Event: 3.564 Thread 0x000001da6d86fbe0 nmethod 5450 0x000001da5f0f4890 code [0x000001da5f0f4a40, 0x000001da5f0f4e58]
Event: 3.573 Thread 0x000001da6d86fbe0 5452       1       org.springframework.beans.factory.support.AbstractBeanDefinition::getResolvedAutowireMode (59 bytes)
Event: 3.574 Thread 0x000001da6d86fbe0 nmethod 5452 0x000001da5f0f5010 code [0x000001da5f0f51e0, 0x000001da5f0f53c8]
Event: 3.575 Thread 0x000001da6941cf30 5453       1       java.lang.invoke.MethodHandles$Lookup::resolveOrNull (46 bytes)
Event: 3.576 Thread 0x000001da6941cf30 nmethod 5453 0x000001da5f0f5590 code [0x000001da5f0f5780, 0x000001da5f0f5b88]
Event: 3.589 Thread 0x000001da6d86fbe0 5455       1       sun.reflect.generics.parser.SignatureParser::parseBounds (112 bytes)
Event: 3.589 Thread 0x000001da6941cf30 5454       1       sun.reflect.generics.parser.SignatureParser::parseFormalTypeParameter (16 bytes)
Event: 3.589 Thread 0x000001da6d86c940 5456       1       sun.reflect.generics.tree.FormalTypeParameter::make (10 bytes)
Event: 3.589 Thread 0x000001da6d86e290 5457       1       sun.reflect.generics.tree.FormalTypeParameter::<init> (15 bytes)
Event: 3.589 Thread 0x000001da6d86e290 nmethod 5457 0x000001da5f0f5d90 code [0x000001da5f0f5f20, 0x000001da5f0f6078]
Event: 3.589 Thread 0x000001da6d86c940 nmethod 5456 0x000001da5f0f6110 code [0x000001da5f0f62a0, 0x000001da5f0f6438]
Event: 3.589 Thread 0x000001da6941cf30 nmethod 5454 0x000001da5f0f6510 code [0x000001da5f0f66c0, 0x000001da5f0f6908]
Event: 3.589 Thread 0x000001da6d86fbe0 nmethod 5455 0x000001da5f0f6a90 code [0x000001da5f0f6ce0, 0x000001da5f0f7398]

GC Heap History (20 events):
Event: 0.572 GC heap after
{Heap after GC invocations=1 (full 0):
 garbage-first heap   total 131072K, used 7969K [0x0000000081c00000, 0x0000000100000000)
  region size 1024K, 3 young (3072K), 3 survivors (3072K)
 Metaspace       used 7641K, committed 7872K, reserved 1114112K
  class space    used 951K, committed 1088K, reserved 1048576K
}
Event: 0.838 GC heap before
{Heap before GC invocations=1 (full 0):
 garbage-first heap   total 131072K, used 33569K [0x0000000081c00000, 0x0000000100000000)
  region size 1024K, 29 young (29696K), 3 survivors (3072K)
 Metaspace       used 13870K, committed 14144K, reserved 1114112K
  class space    used 1793K, committed 1920K, reserved 1048576K
}
Event: 0.843 GC heap after
{Heap after GC invocations=2 (full 0):
 garbage-first heap   total 131072K, used 9909K [0x0000000081c00000, 0x0000000100000000)
  region size 1024K, 2 young (2048K), 2 survivors (2048K)
 Metaspace       used 13870K, committed 14144K, reserved 1114112K
  class space    used 1793K, committed 1920K, reserved 1048576K
}
Event: 1.363 GC heap before
{Heap before GC invocations=2 (full 0):
 garbage-first heap   total 131072K, used 64181K [0x0000000081c00000, 0x0000000100000000)
  region size 1024K, 57 young (58368K), 2 survivors (2048K)
 Metaspace       used 21190K, committed 21504K, reserved 1114112K
  class space    used 2815K, committed 3008K, reserved 1048576K
}
Event: 1.370 GC heap after
{Heap after GC invocations=3 (full 0):
 garbage-first heap   total 131072K, used 13737K [0x0000000081c00000, 0x0000000100000000)
  region size 1024K, 6 young (6144K), 6 survivors (6144K)
 Metaspace       used 21190K, committed 21504K, reserved 1114112K
  class space    used 2815K, committed 3008K, reserved 1048576K
}
Event: 1.801 GC heap before
{Heap before GC invocations=4 (full 0):
 garbage-first heap   total 51200K, used 50601K [0x0000000081c00000, 0x0000000100000000)
  region size 1024K, 42 young (43008K), 6 survivors (6144K)
 Metaspace       used 26278K, committed 26752K, reserved 1114112K
  class space    used 3563K, committed 3776K, reserved 1048576K
}
Event: 1.814 GC heap after
{Heap after GC invocations=5 (full 0):
 garbage-first heap   total 61440K, used 17667K [0x0000000081c00000, 0x0000000100000000)
  region size 1024K, 8 young (8192K), 8 survivors (8192K)
 Metaspace       used 26278K, committed 26752K, reserved 1114112K
  class space    used 3563K, committed 3776K, reserved 1048576K
}
Event: 1.825 GC heap before
{Heap before GC invocations=5 (full 0):
 garbage-first heap   total 61440K, used 18691K [0x0000000081c00000, 0x0000000100000000)
  region size 1024K, 9 young (9216K), 8 survivors (8192K)
 Metaspace       used 26494K, committed 26944K, reserved 1114112K
  class space    used 3584K, committed 3776K, reserved 1048576K
}
Event: 1.834 GC heap after
{Heap after GC invocations=6 (full 0):
 garbage-first heap   total 73728K, used 17971K [0x0000000081c00000, 0x0000000100000000)
  region size 1024K, 1 young (1024K), 1 survivors (1024K)
 Metaspace       used 26494K, committed 26944K, reserved 1114112K
  class space    used 3584K, committed 3776K, reserved 1048576K
}
Event: 2.177 GC heap before
{Heap before GC invocations=6 (full 0):
 garbage-first heap   total 73728K, used 48691K [0x0000000081c00000, 0x0000000100000000)
  region size 1024K, 32 young (32768K), 1 survivors (1024K)
 Metaspace       used 31311K, committed 31744K, reserved 1114112K
  class space    used 4250K, committed 4416K, reserved 1048576K
}
Event: 2.179 GC heap after
{Heap after GC invocations=7 (full 0):
 garbage-first heap   total 73728K, used 19516K [0x0000000081c00000, 0x0000000100000000)
  region size 1024K, 3 young (3072K), 3 survivors (3072K)
 Metaspace       used 31311K, committed 31744K, reserved 1114112K
  class space    used 4250K, committed 4416K, reserved 1048576K
}
Event: 2.361 GC heap before
{Heap before GC invocations=7 (full 0):
 garbage-first heap   total 73728K, used 33852K [0x0000000081c00000, 0x0000000100000000)
  region size 1024K, 18 young (18432K), 3 survivors (3072K)
 Metaspace       used 35662K, committed 36096K, reserved 1114112K
  class space    used 4902K, committed 5120K, reserved 1048576K
}
Event: 2.364 GC heap after
{Heap after GC invocations=8 (full 0):
 garbage-first heap   total 73728K, used 20491K [0x0000000081c00000, 0x0000000100000000)
  region size 1024K, 4 young (4096K), 4 survivors (4096K)
 Metaspace       used 35662K, committed 36096K, reserved 1114112K
  class space    used 4902K, committed 5120K, reserved 1048576K
}
Event: 2.736 GC heap before
{Heap before GC invocations=9 (full 0):
 garbage-first heap   total 73728K, used 53259K [0x0000000081c00000, 0x0000000100000000)
  region size 1024K, 36 young (36864K), 4 survivors (4096K)
 Metaspace       used 44816K, committed 45248K, reserved 1114112K
  class space    used 6075K, committed 6272K, reserved 1048576K
}
Event: 2.740 GC heap after
{Heap after GC invocations=10 (full 0):
 garbage-first heap   total 73728K, used 23081K [0x0000000081c00000, 0x0000000100000000)
  region size 1024K, 4 young (4096K), 4 survivors (4096K)
 Metaspace       used 44816K, committed 45248K, reserved 1114112K
  class space    used 6075K, committed 6272K, reserved 1048576K
}
Event: 3.172 GC heap before
{Heap before GC invocations=10 (full 0):
 garbage-first heap   total 73728K, used 54825K [0x0000000081c00000, 0x0000000100000000)
  region size 1024K, 35 young (35840K), 4 survivors (4096K)
 Metaspace       used 50785K, committed 51264K, reserved 1114112K
  class space    used 7023K, committed 7232K, reserved 1048576K
}
Event: 3.176 GC heap after
{Heap after GC invocations=11 (full 0):
 garbage-first heap   total 73728K, used 25362K [0x0000000081c00000, 0x0000000100000000)
  region size 1024K, 5 young (5120K), 5 survivors (5120K)
 Metaspace       used 50785K, committed 51264K, reserved 1114112K
  class space    used 7023K, committed 7232K, reserved 1048576K
}
Event: 3.410 GC heap before
{Heap before GC invocations=11 (full 0):
 garbage-first heap   total 73728K, used 55058K [0x0000000081c00000, 0x0000000100000000)
  region size 1024K, 34 young (34816K), 5 survivors (5120K)
 Metaspace       used 52795K, committed 53312K, reserved 1114112K
  class space    used 7346K, committed 7616K, reserved 1048576K
}
Event: 3.415 GC heap after
{Heap after GC invocations=12 (full 0):
 garbage-first heap   total 73728K, used 28152K [0x0000000081c00000, 0x0000000100000000)
  region size 1024K, 5 young (5120K), 5 survivors (5120K)
 Metaspace       used 52795K, committed 53312K, reserved 1114112K
  class space    used 7346K, committed 7616K, reserved 1048576K
}
Event: 3.591 GC heap before
{Heap before GC invocations=12 (full 0):
 garbage-first heap   total 73728K, used 55800K [0x0000000081c00000, 0x0000000100000000)
  region size 1024K, 32 young (32768K), 5 survivors (5120K)
 Metaspace       used 54441K, committed 54976K, reserved 1114112K
  class space    used 7596K, committed 7872K, reserved 1048576K
}

Deoptimization events (14 events):
Event: 0.814 Thread 0x000001da55453fd0 DEOPT PACKING pc=0x000001da5eafcb99 sp=0x000000b007dfd260
Event: 0.814 Thread 0x000001da55453fd0 DEOPT UNPACKING pc=0x000001da5e5c2b43 sp=0x000000b007dfc740 mode 3
Event: 1.312 Thread 0x000001da55453fd0 DEOPT PACKING pc=0x000001da5eb405a4 sp=0x000000b007dfd750
Event: 1.312 Thread 0x000001da55453fd0 DEOPT UNPACKING pc=0x000001da5e5c2b43 sp=0x000000b007dfcca8 mode 0
Event: 1.629 Thread 0x000001da55453fd0 DEOPT PACKING pc=0x000001da5eb9c01d sp=0x000000b007dfc670
Event: 1.629 Thread 0x000001da55453fd0 DEOPT UNPACKING pc=0x000001da5e5c2b43 sp=0x000000b007dfbbd8 mode 3
Event: 1.964 Thread 0x000001da55453fd0 DEOPT PACKING pc=0x000001da5eb07101 sp=0x000000b007dfe770
Event: 1.964 Thread 0x000001da55453fd0 DEOPT UNPACKING pc=0x000001da5e5c2b43 sp=0x000000b007dfdc00 mode 3
Event: 1.964 Thread 0x000001da766e7ee0 DEOPT PACKING pc=0x000001da5eaa8297 sp=0x000000b00a1feba0
Event: 1.965 Thread 0x000001da766e7ee0 DEOPT UNPACKING pc=0x000001da5e5c2b43 sp=0x000000b00a1fdff8 mode 3
Event: 3.304 Thread 0x000001da55453fd0 DEOPT PACKING pc=0x000001da5eb20722 sp=0x000000b007dfbc20
Event: 3.304 Thread 0x000001da55453fd0 DEOPT UNPACKING pc=0x000001da5e5c2b43 sp=0x000000b007dfb128 mode 3
Event: 3.467 Thread 0x000001da55453fd0 DEOPT PACKING pc=0x000001da5f0d0e19 sp=0x000000b007dfd3c0
Event: 3.467 Thread 0x000001da55453fd0 DEOPT UNPACKING pc=0x000001da5e5c2b43 sp=0x000000b007dfc8a0 mode 3

Classes loaded (20 events):
Event: 3.566 Loading class java/lang/ObjectCustomizer
Event: 3.566 Loading class java/lang/ObjectCustomizer done
Event: 3.566 Loading class java/lang/ObjectCustomizer
Event: 3.566 Loading class java/lang/ObjectCustomizer done
Event: 3.569 Loading class java/lang/ObjectCustomizer
Event: 3.569 Loading class java/lang/ObjectCustomizer done
Event: 3.569 Loading class java/lang/ObjectCustomizer
Event: 3.569 Loading class java/lang/ObjectCustomizer done
Event: 3.570 Loading class java/lang/ObjectCustomizer
Event: 3.570 Loading class java/lang/ObjectCustomizer done
Event: 3.570 Loading class java/lang/ObjectCustomizer
Event: 3.570 Loading class java/lang/ObjectCustomizer done
Event: 3.573 Loading class java/lang/ObjectCustomizer
Event: 3.573 Loading class java/lang/ObjectCustomizer done
Event: 3.574 Loading class java/lang/ObjectCustomizer
Event: 3.574 Loading class java/lang/ObjectCustomizer done
Event: 3.588 Loading class java/lang/ObjectCustomizer
Event: 3.588 Loading class java/lang/ObjectCustomizer done
Event: 3.588 Loading class java/lang/ObjectCustomizer
Event: 3.588 Loading class java/lang/ObjectCustomizer done

Classes unloaded (0 events):
No events

Classes redefined (0 events):
No events

Internal exceptions (20 events):
Event: 3.572 Thread 0x000001da55453fd0 Exception <a 'java/lang/ClassNotFoundException'{0x00000000849be540}: org/springframework/web/context/ServletContextAwareCustomizer> (0x00000000849be540) 
thrown [s\open\src\hotspot\share\classfile\systemDictionary.cpp, line 255]
Event: 3.572 Thread 0x000001da55453fd0 Exception <a 'java/lang/ClassNotFoundException'{0x00000000849c3018}: org/springframework/beans/factory/AwareCustomizer> (0x00000000849c3018) 
thrown [s\open\src\hotspot\share\classfile\systemDictionary.cpp, line 255]
Event: 3.572 Thread 0x000001da55453fd0 Exception <a 'java/lang/ClassNotFoundException'{0x00000000849c6ed0}: org/springframework/beans/factory/InitializingBeanCustomizer> (0x00000000849c6ed0) 
thrown [s\open\src\hotspot\share\classfile\systemDictionary.cpp, line 255]
Event: 3.572 Thread 0x000001da55453fd0 Exception <a 'java/lang/ClassNotFoundException'{0x00000000849cb5c8}: org/springframework/beans/factory/DisposableBeanCustomizer> (0x00000000849cb5c8) 
thrown [s\open\src\hotspot\share\classfile\systemDictionary.cpp, line 255]
Event: 3.574 Thread 0x000001da55453fd0 Exception <a 'java/lang/ClassNotFoundException'{0x00000000849f4be0}: java/lang/ObjectCustomizer> (0x00000000849f4be0) 
thrown [s\open\src\hotspot\share\classfile\systemDictionary.cpp, line 255]
Event: 3.574 Thread 0x000001da55453fd0 Exception <a 'java/lang/ClassNotFoundException'{0x00000000849fc988}: org/springframework/security/access/expression/AbstractSecurityExpressionHandlerCustomizer> (0x00000000849fc988) 
thrown [s\open\src\hotspot\share\classfile\systemDictionary.cpp, line 255]
Event: 3.574 Thread 0x000001da55453fd0 Exception <a 'java/lang/ClassNotFoundException'{0x0000000084808918}: org/springframework/security/web/access/expression/DefaultWebSecurityExpressionHandlerCustomizer> (0x0000000084808918) 
thrown [s\open\src\hotspot\share\classfile\systemDictionary.cpp, line 255]
Event: 3.574 Thread 0x000001da55453fd0 Exception <a 'java/lang/ClassNotFoundException'{0x00000000848155a8}: org/springframework/security/access/expression/SecurityExpressionHandlerCustomizer> (0x00000000848155a8) 
thrown [s\open\src\hotspot\share\classfile\systemDictionary.cpp, line 255]
Event: 3.574 Thread 0x000001da55453fd0 Exception <a 'java/lang/ClassNotFoundException'{0x000000008481bcc8}: org/springframework/aop/framework/AopInfrastructureBeanCustomizer> (0x000000008481bcc8) 
thrown [s\open\src\hotspot\share\classfile\systemDictionary.cpp, line 255]
Event: 3.575 Thread 0x000001da55453fd0 Exception <a 'java/lang/ClassNotFoundException'{0x0000000084820230}: org/springframework/security/access/expression/SecurityExpressionHandlerCustomizer> (0x0000000084820230) 
thrown [s\open\src\hotspot\share\classfile\systemDictionary.cpp, line 255]
Event: 3.575 Thread 0x000001da55453fd0 Exception <a 'java/lang/ClassNotFoundException'{0x0000000084825c40}: org/springframework/aop/framework/AopInfrastructureBeanCustomizer> (0x0000000084825c40) 
thrown [s\open\src\hotspot\share\classfile\systemDictionary.cpp, line 255]
Event: 3.575 Thread 0x000001da55453fd0 Exception <a 'java/lang/ClassNotFoundException'{0x0000000084829b18}: org/springframework/context/ApplicationContextAwareCustomizer> (0x0000000084829b18) 
thrown [s\open\src\hotspot\share\classfile\systemDictionary.cpp, line 255]
Event: 3.575 Thread 0x000001da55453fd0 Exception <a 'java/lang/ClassNotFoundException'{0x000000008482ef38}: org/springframework/beans/factory/AwareCustomizer> (0x000000008482ef38) 
thrown [s\open\src\hotspot\share\classfile\systemDictionary.cpp, line 255]
Event: 3.588 Thread 0x000001da55453fd0 Exception <a 'java/lang/ClassNotFoundException'{0x00000000847a0900}: java/lang/ObjectCustomizer> (0x00000000847a0900) 
thrown [s\open\src\hotspot\share\classfile\systemDictionary.cpp, line 255]
Event: 3.589 Thread 0x000001da55453fd0 Exception <a 'java/lang/ClassNotFoundException'{0x00000000847a8448}: org/springframework/security/access/vote/AbstractAccessDecisionManagerCustomizer> (0x00000000847a8448) 
thrown [s\open\src\hotspot\share\classfile\systemDictionary.cpp, line 255]
Event: 3.589 Thread 0x000001da55453fd0 Exception <a 'java/lang/ClassNotFoundException'{0x00000000847b3f40}: org/springframework/security/access/vote/AffirmativeBasedCustomizer> (0x00000000847b3f40) 
thrown [s\open\src\hotspot\share\classfile\systemDictionary.cpp, line 255]
Event: 3.589 Thread 0x000001da55453fd0 Exception <a 'java/lang/ClassNotFoundException'{0x00000000847befb0}: org/springframework/security/access/AccessDecisionManagerCustomizer> (0x00000000847befb0) 
thrown [s\open\src\hotspot\share\classfile\systemDictionary.cpp, line 255]
Event: 3.590 Thread 0x000001da55453fd0 Exception <a 'java/lang/ClassNotFoundException'{0x00000000847c6118}: org/springframework/beans/factory/InitializingBeanCustomizer> (0x00000000847c6118) 
thrown [s\open\src\hotspot\share\classfile\systemDictionary.cpp, line 255]
Event: 3.590 Thread 0x000001da55453fd0 Exception <a 'java/lang/ClassNotFoundException'{0x00000000847ca7c0}: org/springframework/context/MessageSourceAwareCustomizer> (0x00000000847ca7c0) 
thrown [s\open\src\hotspot\share\classfile\systemDictionary.cpp, line 255]
Event: 3.590 Thread 0x000001da55453fd0 Exception <a 'java/lang/ClassNotFoundException'{0x00000000847cf518}: org/springframework/beans/factory/AwareCustomizer> (0x00000000847cf518) 
thrown [s\open\src\hotspot\share\classfile\systemDictionary.cpp, line 255]

VM Operations (20 events):
Event: 2.740 Executing VM operation: G1CollectForAllocation done
Event: 3.007 Executing VM operation: HandshakeAllThreads
Event: 3.007 Executing VM operation: HandshakeAllThreads done
Event: 3.018 Executing VM operation: ICBufferFull
Event: 3.018 Executing VM operation: ICBufferFull done
Event: 3.051 Executing VM operation: HandshakeAllThreads
Event: 3.052 Executing VM operation: HandshakeAllThreads done
Event: 3.171 Executing VM operation: G1CollectForAllocation
Event: 3.176 Executing VM operation: G1CollectForAllocation done
Event: 3.211 Executing VM operation: HandshakeAllThreads
Event: 3.211 Executing VM operation: HandshakeAllThreads done
Event: 3.212 Executing VM operation: HandshakeAllThreads
Event: 3.212 Executing VM operation: HandshakeAllThreads done
Event: 3.348 Executing VM operation: HandshakeAllThreads
Event: 3.348 Executing VM operation: HandshakeAllThreads done
Event: 3.410 Executing VM operation: G1CollectForAllocation
Event: 3.415 Executing VM operation: G1CollectForAllocation done
Event: 3.500 Executing VM operation: HandshakeAllThreads
Event: 3.500 Executing VM operation: HandshakeAllThreads done
Event: 3.591 Executing VM operation: G1CollectForAllocation

Events (20 events):
Event: 0.985 Thread 0x000001da76271270 Thread exited: 0x000001da76271270
Event: 1.100 Thread 0x000001da76410b60 Thread added: 0x000001da76410b60
Event: 1.110 Thread 0x000001da76401860 Thread added: 0x000001da76401860
Event: 1.117 Thread 0x000001da76403d30 Thread added: 0x000001da76403d30
Event: 1.130 Thread 0x000001da76403d30 Thread exited: 0x000001da76403d30
Event: 1.631 Thread 0x000001da766e7a10 Thread added: 0x000001da766e7a10
Event: 1.635 Thread 0x000001da766e7a10 Thread exited: 0x000001da766e7a10
Event: 1.873 Loaded shared library C:\Users\Лиза\.jdks\openjdk-18.0.2\bin\sunmscapi.dll
Event: 1.963 Thread 0x000001da766eaa30 Thread added: 0x000001da766eaa30
Event: 1.964 Thread 0x000001da766e7ee0 Thread added: 0x000001da766e7ee0
Event: 1.966 Thread 0x000001da766e7540 Thread added: 0x000001da766e7540
Event: 1.981 Thread 0x000001da766e96f0 Thread added: 0x000001da766e96f0
Event: 2.137 Thread 0x000001da766e8d50 Thread added: 0x000001da766e8d50
Event: 2.141 Thread 0x000001da766e8d50 Thread exited: 0x000001da766e8d50
Event: 2.515 Thread 0x000001da766ea560 Thread added: 0x000001da766ea560
Event: 2.618 Thread 0x000001da766e7a10 Thread added: 0x000001da766e7a10
Event: 2.643 Thread 0x000001da766e8d50 Thread added: 0x000001da766e8d50
Event: 2.647 Thread 0x000001da766e8d50 Thread exited: 0x000001da766e8d50
Event: 3.149 Thread 0x000001da766e83b0 Thread added: 0x000001da766e83b0
Event: 3.153 Thread 0x000001da766e83b0 Thread exited: 0x000001da766e83b0


Dynamic libraries:
0x00007ff642340000 - 0x00007ff64234e000 	C:\Users\Лиза\.jdks\openjdk-18.0.2\bin\java.exe
0x00007ff8f5990000 - 0x00007ff8f5b7d000 	C:\WINDOWS\SYSTEM32\ntdll.dll
0x00007ff8f30c0000 - 0x00007ff8f3173000 	C:\WINDOWS\System32\KERNEL32.DLL
0x00007ff8f2900000 - 0x00007ff8f2b93000 	C:\WINDOWS\System32\KERNELBASE.dll
0x00007ff8f1df0000 - 0x00007ff8f1eea000 	C:\WINDOWS\System32\ucrtbase.dll
0x00007ff8daa40000 - 0x00007ff8daa5a000 	C:\Users\Лиза\.jdks\openjdk-18.0.2\bin\VCRUNTIME140.dll
0x00007ff8dabe0000 - 0x00007ff8dabf7000 	C:\Users\Лиза\.jdks\openjdk-18.0.2\bin\jli.dll
0x00007ff8f2c90000 - 0x00007ff8f2e27000 	C:\WINDOWS\System32\USER32.dll
0x00007ff8dc720000 - 0x00007ff8dc999000 	C:\WINDOWS\WinSxS\amd64_microsoft.windows.common-controls_6595b64144ccf1df_6.0.17763.557_none_05b63f68071e5b9f\COMCTL32.dll
0x00007ff8f28e0000 - 0x00007ff8f2900000 	C:\WINDOWS\System32\win32u.dll
0x00007ff8f4d00000 - 0x00007ff8f4d9e000 	C:\WINDOWS\System32\msvcrt.dll
0x00007ff8f2e30000 - 0x00007ff8f2e59000 	C:\WINDOWS\System32\GDI32.dll
0x00007ff8f1ef0000 - 0x00007ff8f208a000 	C:\WINDOWS\System32\gdi32full.dll
0x00007ff8f5620000 - 0x00007ff8f594c000 	C:\WINDOWS\System32\combase.dll
0x00007ff8f2840000 - 0x00007ff8f28e0000 	C:\WINDOWS\System32\msvcp_win.dll
0x00007ff8f47d0000 - 0x00007ff8f48f2000 	C:\WINDOWS\System32\RPCRT4.dll
0x00007ff8f1cc0000 - 0x00007ff8f1d3e000 	C:\WINDOWS\System32\bcryptPrimitives.dll
0x00007ff8f5420000 - 0x00007ff8f544e000 	C:\WINDOWS\System32\IMM32.DLL
0x00007ff8da9e0000 - 0x00007ff8da9ec000 	C:\Users\Лиза\.jdks\openjdk-18.0.2\bin\vcruntime140_1.dll
0x00007ff8acef0000 - 0x00007ff8acf7d000 	C:\Users\Лиза\.jdks\openjdk-18.0.2\bin\msvcp140.dll
0x00007ff8a46b0000 - 0x00007ff8a52c1000 	C:\Users\Лиза\.jdks\openjdk-18.0.2\bin\server\jvm.dll
0x00007ff8f2e60000 - 0x00007ff8f2f03000 	C:\WINDOWS\System32\ADVAPI32.dll
0x00007ff8f4c60000 - 0x00007ff8f4cfe000 	C:\WINDOWS\System32\sechost.dll
0x00007ff8f5220000 - 0x00007ff8f5228000 	C:\WINDOWS\System32\PSAPI.DLL
0x00007ff8ecbb0000 - 0x00007ff8ecbb9000 	C:\WINDOWS\SYSTEM32\WSOCK32.dll
0x00007ff8ef040000 - 0x00007ff8ef064000 	C:\WINDOWS\SYSTEM32\WINMM.dll
0x00007ff8eadf0000 - 0x00007ff8eadfa000 	C:\WINDOWS\SYSTEM32\VERSION.dll
0x00007ff8f4900000 - 0x00007ff8f496d000 	C:\WINDOWS\System32\WS2_32.dll
0x00007ff8eef80000 - 0x00007ff8eefad000 	C:\WINDOWS\SYSTEM32\WINMMBASE.dll
0x00007ff8f1c70000 - 0x00007ff8f1cba000 	C:\WINDOWS\System32\cfgmgr32.dll
0x00007ff8f1a20000 - 0x00007ff8f1a31000 	C:\WINDOWS\System32\kernel.appcore.dll
0x00007ff8da5f0000 - 0x00007ff8da5fa000 	C:\Users\Лиза\.jdks\openjdk-18.0.2\bin\jimage.dll
0x00007ff8f0390000 - 0x00007ff8f057d000 	C:\WINDOWS\SYSTEM32\DBGHELP.DLL
0x00007ff8d6580000 - 0x00007ff8d65aa000 	C:\WINDOWS\SYSTEM32\dbgcore.DLL
0x00007ff8d4300000 - 0x00007ff8d430e000 	C:\Users\Лиза\.jdks\openjdk-18.0.2\bin\instrument.dll
0x00007ff8d0770000 - 0x00007ff8d0795000 	C:\Users\Лиза\.jdks\openjdk-18.0.2\bin\java.dll
0x00007ff8ace10000 - 0x00007ff8acee6000 	C:\Users\Лиза\.jdks\openjdk-18.0.2\bin\jsvml.dll
0x00007ff8f32e0000 - 0x00007ff8f47d0000 	C:\WINDOWS\System32\SHELL32.dll
0x00007ff8f52b0000 - 0x00007ff8f5358000 	C:\WINDOWS\System32\shcore.dll
0x00007ff8f2090000 - 0x00007ff8f27da000 	C:\WINDOWS\System32\windows.storage.dll
0x00007ff8f1990000 - 0x00007ff8f19b4000 	C:\WINDOWS\System32\profapi.dll
0x00007ff8f19c0000 - 0x00007ff8f1a1d000 	C:\WINDOWS\System32\powrprof.dll
0x00007ff8f5450000 - 0x00007ff8f54a2000 	C:\WINDOWS\System32\shlwapi.dll
0x00007ff8f2ba0000 - 0x00007ff8f2bb7000 	C:\WINDOWS\System32\cryptsp.dll
0x00007ff8c0360000 - 0x00007ff8c0378000 	C:\Users\Лиза\.jdks\openjdk-18.0.2\bin\zip.dll
0x00007ff8da490000 - 0x00007ff8da4a3000 	C:\Users\Лиза\.jdks\openjdk-18.0.2\bin\net.dll
0x00007ff8dad00000 - 0x00007ff8dadf1000 	C:\WINDOWS\SYSTEM32\WINHTTP.dll
0x00007ff8f1210000 - 0x00007ff8f1277000 	C:\WINDOWS\system32\mswsock.dll
0x00007ff8d4d60000 - 0x00007ff8d4d76000 	C:\Users\Лиза\.jdks\openjdk-18.0.2\bin\nio.dll
0x00007ff8bf560000 - 0x00007ff8bf57a000 	C:\Program Files\JetBrains\IntelliJ IDEA 2022.2\bin\breakgen64.dll
0x00007ff8f0fb0000 - 0x00007ff8f1076000 	C:\WINDOWS\SYSTEM32\DNSAPI.dll
0x00007ff8f5950000 - 0x00007ff8f5958000 	C:\WINDOWS\System32\NSI.dll
0x00007ff8f0f70000 - 0x00007ff8f0fad000 	C:\WINDOWS\SYSTEM32\IPHLPAPI.DLL
0x00007ff8d9cb0000 - 0x00007ff8d9cba000 	C:\Windows\System32\rasadhlp.dll
0x00007ff8da6a0000 - 0x00007ff8da719000 	C:\WINDOWS\System32\fwpuclnt.dll
0x00007ff8f1a60000 - 0x00007ff8f1a86000 	C:\WINDOWS\System32\bcrypt.dll
0x00007ff8d3a80000 - 0x00007ff8d3a89000 	C:\Users\Лиза\.jdks\openjdk-18.0.2\bin\management.dll
0x00007ff8ca9f0000 - 0x00007ff8ca9fb000 	C:\Users\Лиза\.jdks\openjdk-18.0.2\bin\management_ext.dll
0x00007ff8f0dd0000 - 0x00007ff8f0e03000 	C:\WINDOWS\system32\rsaenh.dll
0x00007ff8f18c0000 - 0x00007ff8f18e8000 	C:\WINDOWS\SYSTEM32\USERENV.dll
0x00007ff8f13e0000 - 0x00007ff8f13ec000 	C:\WINDOWS\SYSTEM32\CRYPTBASE.dll
0x00007ff8ec6c0000 - 0x00007ff8ec6d6000 	C:\WINDOWS\SYSTEM32\dhcpcsvc6.DLL
0x00007ff8ec530000 - 0x00007ff8ec54c000 	C:\WINDOWS\SYSTEM32\dhcpcsvc.DLL
0x00007ff8d2da0000 - 0x00007ff8d2db6000 	C:\WINDOWS\system32\napinsp.dll
0x00007ff8d2d80000 - 0x00007ff8d2d9a000 	C:\WINDOWS\system32\pnrpnsp.dll
0x00007ff8eef60000 - 0x00007ff8eef7b000 	C:\WINDOWS\system32\NLAapi.dll
0x00007ff8ead00000 - 0x00007ff8ead15000 	C:\WINDOWS\system32\wshbth.dll
0x00007ff8d1eb0000 - 0x00007ff8d1ebe000 	C:\WINDOWS\System32\winrnr.dll
0x00007ff8d4410000 - 0x00007ff8d4420000 	C:\Users\Лиза\.jdks\openjdk-18.0.2\bin\verify.dll
0x00007ff8c54e0000 - 0x00007ff8c54ee000 	C:\Users\Лиза\.jdks\openjdk-18.0.2\bin\sunmscapi.dll
0x00007ff8f1a90000 - 0x00007ff8f1c6b000 	C:\WINDOWS\System32\CRYPT32.dll
0x00007ff8f1a40000 - 0x00007ff8f1a52000 	C:\WINDOWS\System32\MSASN1.dll
0x00007ff8f14e0000 - 0x00007ff8f1506000 	C:\WINDOWS\SYSTEM32\ncrypt.dll
0x00007ff8f14a0000 - 0x00007ff8f14dc000 	C:\WINDOWS\SYSTEM32\NTASN1.dll

dbghelp: loaded successfully - version: 4.0.5 - missing functions: none
symbol engine: initialized successfully - sym options: 0x614 - pdb path: .;C:\Users\Лиза\.jdks\openjdk-18.0.2\bin;C:\WINDOWS\SYSTEM32;C:\WINDOWS\WinSxS\amd64_microsoft.windows.common-controls_6595b64144ccf1df_6.0.17763.557_none_05b63f68071e5b9f;C:\Users\Лиза\.jdks\openjdk-18.0.2\bin\server;C:\Program Files\JetBrains\IntelliJ IDEA 2022.2\bin

VM Arguments:
jvm_args: -XX:TieredStopAtLevel=1 -Dspring.output.ansi.enabled=always -Dcom.sun.management.jmxremote -Dspring.jmx.enabled=true -Dspring.liveBeansView.mbeanDomain -Dspring.application.admin.enabled=true -javaagent:C:\Program Files\JetBrains\IntelliJ IDEA 2022.2\lib\idea_rt.jar=63993:C:\Program Files\JetBrains\IntelliJ IDEA 2022.2\bin -Dfile.encoding=UTF-8 
java_command: pl.watiaty.testeng.TestengApplication
java_class_path (initial): D:\java\testeng\target\classes;C:\Users\Лиза\.m2\repository\org\springframework\boot\spring-boot-starter-data-jpa\2.7.2\spring-boot-starter-data-jpa-2.7.2.jar;C:\Users\Лиза\.m2\repository\org\springframework\boot\spring-boot-starter-aop\2.7.2\spring-boot-starter-aop-2.7.2.jar;C:\Users\Лиза\.m2\repository\org\aspectj\aspectjweaver\1.9.7\aspectjweaver-1.9.7.jar;C:\Users\Лиза\.m2\repository\org\springframework\boot\spring-boot-starter-jdbc\2.7.2\spring-boot-starter-jdbc-2.7.2.jar;C:\Users\Лиза\.m2\repository\com\zaxxer\HikariCP\4.0.3\HikariCP-4.0.3.jar;C:\Users\Лиза\.m2\repository\org\springframework\spring-jdbc\5.3.22\spring-jdbc-5.3.22.jar;C:\Users\Лиза\.m2\repository\jakarta\transaction\jakarta.transaction-api\1.3.3\jakarta.transaction-api-1.3.3.jar;C:\Users\Лиза\.m2\repository\jakarta\persistence\jakarta.persistence-api\2.2.3\jakarta.persistence-api-2.2.3.jar;C:\Users\Лиза\.m2\repository\org\hibernate\hibernate-core\5.6.10.Final\hibernate-core-5.6.10.Final.jar;C:\Users\Лиза\.m2\repository\org\jboss\logging\jboss-logging\3.4.3.Final\jboss-logging-3.4.3.Final.jar;C:\Users\Лиза\.m2\repository\net\bytebuddy\byte-buddy\1.12.12\byte-buddy-1.12.12.jar;C:\Users\Лиза\.m2\repository\antlr\antlr\2.7.7\antlr-2.7.7.jar;C:\Users\Лиза\.m2\repository\org\jboss\jandex\2.4.2.Final\jandex-2.4.2.Final.jar;C:\Users\Лиза\.m2\repository\com\fasterxml\classmate\1.5.1\classmate-1.5.1.jar;C:\Users\Лиза\.m2\repository\org\hibernate\common\hibernate-commons-annotations\5.1.2.Final\hibernate-commons-annotations-5.1.2.Final.jar;C:\Users\Лиза\.m2\repository\org\glassfish\jaxb\jaxb-runtime\2.3.6\jaxb-runtime-2.3.6.jar;C:\Users\Лиза\.m2\repository\org\glassfish\jaxb\txw2\2.3.6\txw2-2.3.6.jar;C:\Users\Лиза\.m2\repository\com\sun\istack\istack-commons-runtime\3.0.12\istack-commons-runtime-3.0.12.jar;C:\Users\Лиза\.m2\repository\com\sun\activation\jakarta.activation\1.2.2\jakarta.activation-1.2.2.jar;C:\Users\Лиза\.m2\repository\org\springframework\data\spring-data-jpa\2.7.2\spring-data-jpa-2.7.2.jar;C:\Users\Лиза\.m2\repository\org\springframework\data\spring-data-commons\2.7.2\spring-data-commons-2.7.2.jar;C:\Users\Лиза\.m2\repository\org\springframework\spring-orm\5.3.22\spring-orm-5.3.22.jar;C:\Users\Лиза\.m2\repository\org\springframework\spring-context\5.3.22\spring-context-5.3.22.jar;C:\Users\Лиза\.m2\repository\org\springframework\spring-tx\5.3.22\spring-tx-5.3.22.jar;C:\Users\Лиза\.m2\repository\org\springframework\spring-beans\5.3.22\spring-beans-5.3.22.jar;C:\Users\Лиза\.m2\repository\org\springframework\spring-aspects\5.3.22\spring-aspects-5.3.22.jar;C:\Users\Лиза\.m2\repository\org\springframework\boot\spring-boot-starter-data-rest\2.7.2\spring-boot-starter-data-rest-2.7.2.jar;C:\Users\Лиза\.m2\repository\org\springframework\data\spring-data-rest-webmvc\3.7.2\spring-data-rest-webmvc-3.7.2.jar;C:\Users\Лиза\.m2\repository\org\springframework\data\spring-data-rest-core\3.7.2\spring-data-rest-core-3.7.2.jar;C:\Users\Лиза\.m2\repository\org\springframework\hateoas\spring-hateoas\1.5.1\spring-hateoas-1.5.1.jar;C:\Users\Лиза\.m2\repository\org\springframework\plugin\spring-plugin-core\2.0.0.RELEASE\spring-plugin-core-2.0.0.RELEASE.jar;C:\Users\Лиза\.m2\repository\org\atteo\evo-inflector\1.3\evo-inflector-1.3.jar;C:\Users\Лиза\.m2\repository\com\fasterxml\jackson\core\jackson-databind\2.13.3\jackson-databind-2.13.3.jar;C:\Users\Лиза\.m2\repository\com\fasterxml\jackson\core\jackson-core\2.13.3\jackson-core-2.13.3.jar;C:\Users\Лиза\.m2\repository\com\fasterxml\jackson\core\jackson-annotations\2.13.3\jackson-annotations-2.13.3.jar;C:\Users\Лиза\.m2\repository\org\springframework\boot\spring-boot-starter-security\2.7.2\spring-boot-starter-security-2.7.2.jar;C:\Users\Лиза\.m2\repository\org\springframework\boot\spring-boot-starter\2.7.2\spring-boot-starter-2.7.2.jar;C:\Users\Лиза\.m2\repository\org\springframework\boot\spring-boot\2.7.2\spring-boot-2.7.2.jar;C:\Users\Лиза\.m2\repository\org\springframework\boot\spring-boot-autoconfigure\2.7.2\spring-boot-autoconfigure-2.7.2.jar;C:\Users\Лиза\.m2\repository\org\springframework\boot\spring-boot-starter-logging\2.7.2\spring-boot-starter-logging-2.7.2.jar;C:\Users\Лиза\.m2\repository\ch\qos\logback\logback-classic\1.2.11\logback-classic-1.2.11.jar;C:\Users\Лиза\.m2\repository\ch\qos\logback\logback-core\1.2.11\logback-core-1.2.11.jar;C:\Users\Лиза\.m2\repository\org\apache\logging\log4j\log4j-to-slf4j\2.17.2\log4j-to-slf4j-2.17.2.jar;C:\Users\Лиза\.m2\repository\org\apache\logging\log4j\log4j-api\2.17.2\log4j-api-2.17.2.jar;C:\Users\Лиза\.m2\repository\org\slf4j\jul-to-slf4j\1.7.36\jul-to-slf4j-1.7.36.jar;C:\Users\Лиза\.m2\repository\jakarta\annotation\jakarta.annotation-api\1.3.5\jakarta.annotation-api-1.3.5.jar;C:\Users\Лиза\.m2\repository\org\yaml\snakeyaml\1.30\snakeyaml-1.30.jar;C:\Users\Лиза\.m2\repository\org\springframework\spring-aop\5.3.22\spring-aop-5.3.22.jar;C:\Users\Лиза\.m2\repository\org\springframework\security\spring-security-config\5.7.2\spring-security-config-5.7.2.jar;C:\Users\Лиза\.m2\repository\org\springframework\security\spring-security-web\5.7.2\spring-security-web-5.7.2.jar;C:\Users\Лиза\.m2\repository\org\springframework\spring-expression\5.3.22\spring-expression-5.3.22.jar;C:\Users\Лиза\.m2\repository\org\springframework\boot\spring-boot-starter-thymeleaf\2.7.2\spring-boot-starter-thymeleaf-2.7.2.jar;C:\Users\Лиза\.m2\repository\org\thymeleaf\extras\thymeleaf-extras-java8time\3.0.4.RELEASE\thymeleaf-extras-java8time-3.0.4.RELEASE.jar;C:\Users\Лиза\.m2\repository\org\springframework\boot\spring-boot-starter-web\2.7.2\spring-boot-starter-web-2.7.2.jar;C:\Users\Лиза\.m2\repository\org\springframework\boot\spring-boot-starter-json\2.7.2\spring-boot-starter-json-2.7.2.jar;C:\Users\Лиза\.m2\repository\com\fasterxml\jackson\datatype\jackson-datatype-jdk8\2.13.3\jackson-datatype-jdk8-2.13.3.jar;C:\Users\Лиза\.m2\repository\com\fasterxml\jackson\datatype\jackson-datatype-jsr310\2.13.3\jackson-datatype-jsr310-2.13.3.jar;C:\Users\Лиза\.m2\repository\com\fasterxml\jackson\module\jackson-module-parameter-names\2.13.3\jackson-module-parameter-names-2.13.3.jar;C:\Users\Лиза\.m2\repository\org\springframework\boot\spring-boot-starter-tomcat\2.7.2\spring-boot-starter-tomcat-2.7.2.jar;C:\Users\Лиза\.m2\repository\org\apache\tomcat\embed\tomcat-embed-core\9.0.65\tomcat-embed-core-9.0.65.jar;C:\Users\Лиза\.m2\repository\org\apache\tomcat\embed\tomcat-embed-el\9.0.65\tomcat-embed-el-9.0.65.jar;C:\Users\Лиза\.m2\repository\org\apache\tomcat\embed\tomcat-embed-websocket\9.0.65\tomcat-embed-websocket-9.0.65.jar;C:\Users\Лиза\.m2\repository\org\springframework\spring-web\5.3.22\spring-web-5.3.22.jar;C:\Users\Лиза\.m2\repository\org\springframework\spring-webmvc\5.3.22\spring-webmvc-5.3.22.jar;C:\Users\Лиза\.m2\repository\org\springframework\session\spring-session-core\2.7.0\spring-session-core-2.7.0.jar;C:\Users\Лиза\.m2\repository\org\springframework\spring-jcl\5.3.22\spring-jcl-5.3.22.jar;C:\Users\Лиза\.m2\repository\org\thymeleaf\extras\thymeleaf-extras-springsecurity5\3.0.4.RELEASE\thymeleaf-extras-springsecurity5-3.0.4.RELEASE.jar;C:\Users\Лиза\.m2\repository\org\slf4j\slf4j-api\1.7.36\slf4j-api-1.7.36.jar;C:\Users\Лиза\.m2\repository\org\projectlombok\lombok\1.18.24\lombok-1.18.24.jar;C:\Users\Лиза\.m2\repository\com\jayway\jsonpath\json-path\2.7.0\json-path-2.7.0.jar;C:\Users\Лиза\.m2\repository\net\minidev\json-smart\2.4.8\json-smart-2.4.8.jar;C:\Users\Лиза\.m2\repository\net\minidev\accessors-smart\2.4.8\accessors-smart-2.4.8.jar;C:\Users\Лиза\.m2\repository\org\ow2\asm\asm\9.1\asm-9.1.jar;C:\Users\Лиза\.m2\repository\jakarta\xml\bind\jakarta.xml.bind-api\2.3.3\jakarta.xml.bind-api-2.3.3.jar;C:\Users\Лиза\.m2\repository\jakarta\activation\jakarta.activation-api\1.2.2\jakarta.activation-api-1.2.2.jar;C:\Users\Лиза\.m2\repository\org\springframework\spring-core\5.3.22\spring-core-5.3.22.jar;C:\Users\Лиза\.m2\repository\org\springframework\security\spring-security-core\5.7.2\spring-security-core-5.7.2.jar;C:\Users\Лиза\.m2\repository\org\springframework\security\spring-security-crypto\5.7.2\spring-security-crypto-5.7.2.jar;C:\Users\Лиза\.m2\repository\mysql\mysql-connector-java\8.0.29\mysql-connector-java-8.0.29.jar;C:\Users\Лиза\.m2\repository\javax\xml\bind\jaxb-api\2.3.1\jaxb-api-2.3.1.jar;C:\Users\Лиза\.m2\repository\javax\activation\javax.activation-api\1.2.0\javax.activation-api-1.2.0.jar;C:\Users\Лиза\.m2\repository\org\thymeleaf\thymeleaf\3.0.15.RELEASE\thymeleaf-3.0.15.RELEASE.jar;C:\Users\Лиза\.m2\repository\ognl\ognl\3.1.26\ognl-3.1.26.jar;C:\Users\Лиза\.m2\repository\org\javassist\javassist\3.20.0-GA\javassist-3.20.0-GA.jar;C:\Users\Лиза\.m2\repository\org\attoparser\attoparser\2.0.5.RELEASE\attoparser-2.0.5.RELEASE.jar;C:\Users\Лиза\.m2\repository\org\unbescape\unbescape\1.1.6.RELEASE\unbescape-1.1.6.RELEASE.jar;C:\Users\Лиза\.m2\repository\org\thymeleaf\thymeleaf-spring5\3.0.15.RELEASE\thymeleaf-spring5-3.0.15.RELEASE.jar
Launcher Type: SUN_STANDARD

[Global flags]
     intx CICompilerCount                          = 4                                         {product} {ergonomic}
     uint ConcGCThreads                            = 2                                         {product} {ergonomic}
     uint G1ConcRefinementThreads                  = 8                                         {product} {ergonomic}
   size_t G1HeapRegionSize                         = 1048576                                   {product} {ergonomic}
    uintx GCDrainStackTargetSize                   = 64                                        {product} {ergonomic}
   size_t InitialHeapSize                          = 134217728                                 {product} {ergonomic}
     bool ManagementServer                         = true                                      {product} {command line}
   size_t MarkStackSize                            = 4194304                                   {product} {ergonomic}
   size_t MaxHeapSize                              = 2118123520                                {product} {ergonomic}
   size_t MaxNewSize                               = 1270874112                                {product} {ergonomic}
   size_t MinHeapDeltaBytes                        = 1048576                                   {product} {ergonomic}
   size_t MinHeapSize                              = 8388608                                   {product} {ergonomic}
    uintx NonProfiledCodeHeapSize                  = 0                                      {pd product} {ergonomic}
     bool ProfileInterpreter                       = false                                  {pd product} {command line}
    uintx ProfiledCodeHeapSize                     = 0                                      {pd product} {ergonomic}
   size_t SoftMaxHeapSize                          = 2118123520                             {manageable} {ergonomic}
     intx TieredStopAtLevel                        = 1                                         {product} {command line}
     bool UseCompressedClassPointers               = true                           {product lp64_product} {ergonomic}
     bool UseCompressedOops                        = true                           {product lp64_product} {ergonomic}
     bool UseG1GC                                  = true                                      {product} {ergonomic}
     bool UseLargePagesIndividualAllocation        = false                                  {pd product} {ergonomic}

Logging:
Log output configuration:
 #0: stdout all=warning uptime,level,tags foldmultilines=false
 #1: stderr all=off uptime,level,tags foldmultilines=false

Environment Variables:
PATH=C:\WINDOWS\system32;C:\WINDOWS;C:\WINDOWS\System32\Wbem;C:\WINDOWS\System32\WindowsPowerShell\v1.0\;C:\WINDOWS\System32\OpenSSH\;C:\Program Files\Git\cmd;C:\Program Files\MySQL\MySQL Shell 8.0\bin\;C:\Users\Лиза\AppData\Local\Microsoft\WindowsApps;;C:\Program Files\JetBrains\IntelliJ IDEA 2022.2\bin;
USERNAME=Лиза
OS=Windows_NT
PROCESSOR_IDENTIFIER=Intel64 Family 6 Model 142 Stepping 12, GenuineIntel



---------------  S Y S T E M  ---------------

OS:
 Windows 10 , 64 bit Build 17763 (10.0.17763.475)
OS uptime: 9 days 0:11 hours

CPU: total 8 (initial active 8) (4 cores per cpu, 2 threads per core) family 6 model 142 stepping 12 microcode 0xb8, cx8, cmov, fxsr, ht, mmx, 3dnowpref, sse, sse2, sse3, ssse3, sse4.1, sse4.2, popcnt, lzcnt, tsc, tscinvbit, avx, avx2, aes, erms, clmul, bmi1, bmi2, adx, fma, vzeroupper, clflush, clflushopt

Memory: 4k page, system-wide physical 8078M (1246M free)
TotalPageFile size 10126M (AvailPageFile size 49M)
current process WorkingSet (physical memory assigned to process): 201M, peak: 201M
current process commit charge ("private bytes"): 244M, peak: 300M

vm_info: OpenJDK 64-Bit Server VM (18.0.2+9-61) for windows-amd64 JRE (18.0.2+9-61), built on Jun  7 2022 13:05:59 by "mach5one" with MS VC++ 16.8 / 16.9 (VS2019)

END.
